2026-04-09 16:02:30,452 | INFO | Starting StatsAI Unified UI Frontend on port 8080...
2026-04-09 16:10:01,863 | INFO | Starting StatsAI Unified UI Frontend on port 8080...
2026-04-09 16:10:08,843 | INFO | Generating data for normal. Random check: 0.17524391962208086
2026-04-09 16:10:12,369 | INFO | Generating data for t. Random check: 0.46829112581301346
2026-04-09 16:10:47,663 | WARNING | http://localhost:8080/.well-known/appspecific/com.chrome.devtools.json not found
2026-04-09 16:12:00,910 | WARNING | http://localhost:8080/.well-known/appspecific/com.chrome.devtools.json not found
2026-04-09 16:12:21,235 | WARNING | http://localhost:8080/.well-known/appspecific/com.chrome.devtools.json not found
2026-04-09 16:12:38,922 | WARNING | http://localhost:8080/.well-known/appspecific/com.chrome.devtools.json not found
2026-04-09 16:13:11,193 | INFO | Starting StatsAI Unified UI Frontend on port 8080...
2026-04-09 16:13:11,779 | WARNING | http://localhost:8080/.well-known/appspecific/com.chrome.devtools.json not found
2026-04-09 16:13:59,142 | INFO | Generating data for normal. Random check: 0.9786220964950543
2026-04-09 16:14:02,948 | INFO | Generating data for normal. Random check: 0.6542430648982167
2026-04-09 16:20:54,088 | INFO | Starting StatsAI Unified UI Frontend on port 8080...
2026-04-09 16:20:58,050 | INFO | Starting StatsAI Unified UI Frontend on port 8080...
2026-04-09 16:20:58,150 | INFO | 1 change detected
2026-04-09 16:20:58,511 | INFO | 1 change detected
2026-04-09 16:20:58,871 | INFO | 1 change detected
2026-04-09 16:20:59,279 | INFO | 1 change detected
2026-04-09 16:20:59,683 | INFO | 1 change detected
2026-04-09 16:21:00,085 | INFO | 1 change detected
2026-04-09 16:21:00,487 | INFO | 1 change detected
2026-04-09 16:21:00,892 | INFO | 1 change detected
2026-04-09 16:21:01,298 | INFO | 1 change detected
2026-04-09 16:21:01,603 | INFO | Generating data for normal. Random check: 0.03459287893094054
2026-04-09 16:21:01,704 | INFO | 1 change detected
2026-04-09 16:21:02,110 | INFO | 1 change detected
2026-04-09 16:21:02,465 | INFO | 1 change detected
2026-04-09 16:21:02,877 | INFO | 1 change detected
2026-04-09 16:21:03,285 | INFO | 1 change detected
2026-04-09 16:21:03,692 | INFO | 1 change detected
2026-04-09 16:21:04,097 | INFO | 1 change detected
2026-04-09 16:21:04,502 | INFO | 1 change detected
2026-04-09 16:21:04,909 | INFO | 1 change detected
2026-04-09 16:21:05,326 | INFO | 1 change detected
2026-04-09 16:21:05,730 | INFO | 1 change detected
2026-04-09 16:21:06,134 | INFO | 1 change detected
2026-04-09 16:21:06,541 | INFO | 1 change detected
2026-04-09 16:21:06,946 | INFO | 1 change detected
2026-04-09 16:21:07,352 | INFO | 1 change detected
2026-04-09 16:21:07,756 | INFO | 1 change detected
2026-04-09 16:21:08,162 | INFO | 1 change detected
2026-04-09 16:21:08,569 | INFO | 1 change detected
2026-04-09 16:21:08,823 | INFO | Generating data for normal. Random check: 0.22087543750164473
2026-04-09 16:21:08,972 | INFO | 1 change detected
2026-04-09 16:21:09,332 | INFO | 1 change detected
2026-04-09 16:21:09,740 | INFO | 1 change detected
2026-04-09 16:21:10,148 | INFO | 1 change detected
2026-04-09 16:21:10,552 | INFO | 1 change detected
2026-04-09 16:21:10,957 | INFO | 1 change detected
2026-04-09 16:21:11,366 | INFO | 1 change detected
2026-04-09 16:21:11,772 | INFO | 1 change detected
2026-04-09 16:21:12,129 | INFO | 1 change detected
2026-04-09 16:21:12,535 | INFO | 1 change detected
2026-04-09 16:21:12,941 | INFO | 1 change detected
2026-04-09 16:21:13,347 | INFO | 1 change detected
2026-04-09 16:21:13,755 | INFO | 1 change detected
2026-04-09 16:21:14,164 | INFO | 1 change detected
2026-04-09 16:21:14,568 | INFO | 1 change detected
2026-04-09 16:21:14,974 | INFO | 1 change detected
2026-04-09 16:21:15,378 | INFO | 1 change detected
2026-04-09 16:21:15,785 | INFO | 1 change detected
2026-04-09 16:21:16,191 | INFO | 1 change detected
2026-04-09 16:21:16,598 | INFO | 1 change detected
2026-04-09 16:21:17,001 | INFO | 1 change detected
2026-04-09 16:21:17,406 | INFO | 1 change detected
2026-04-09 16:21:17,809 | INFO | 1 change detected
2026-04-09 16:21:18,216 | INFO | 1 change detected
2026-04-09 16:21:18,624 | INFO | 1 change detected
2026-04-09 16:21:19,033 | INFO | 1 change detected
2026-04-09 16:21:19,435 | INFO | 1 change detected
2026-04-09 16:21:19,841 | INFO | 1 change detected
2026-04-09 16:21:20,194 | INFO | 1 change detected
2026-04-09 16:21:20,604 | INFO | 1 change detected
2026-04-09 16:21:21,007 | INFO | 1 change detected
2026-04-09 16:21:21,414 | INFO | 1 change detected
2026-04-09 16:21:21,819 | INFO | 1 change detected
2026-04-09 16:21:22,226 | INFO | 1 change detected
2026-04-09 16:21:22,633 | INFO | 1 change detected
2026-04-09 16:21:23,040 | INFO | 1 change detected
2026-04-09 16:21:23,447 | INFO | 1 change detected
2026-04-09 16:21:23,805 | INFO | 1 change detected
2026-04-09 16:21:24,213 | INFO | 1 change detected
2026-04-09 16:21:24,619 | INFO | 1 change detected
2026-04-09 16:21:25,027 | INFO | 1 change detected
2026-04-09 16:21:25,434 | INFO | 1 change detected
2026-04-09 16:21:25,838 | INFO | 1 change detected
2026-04-09 16:21:26,245 | INFO | 1 change detected
2026-04-09 16:21:26,651 | INFO | 1 change detected
2026-04-09 16:21:27,055 | INFO | 1 change detected
2026-04-09 16:21:27,459 | INFO | 1 change detected
2026-04-09 16:21:27,865 | INFO | 1 change detected
2026-04-09 16:21:28,272 | INFO | 1 change detected
2026-04-09 16:21:28,681 | INFO | 1 change detected
2026-04-09 16:21:29,088 | INFO | 1 change detected
2026-04-09 16:21:29,494 | INFO | 1 change detected
2026-04-09 16:21:29,899 | INFO | 1 change detected
2026-04-09 16:21:30,302 | INFO | 1 change detected
2026-04-09 16:21:30,709 | INFO | 1 change detected
2026-04-09 16:21:31,113 | INFO | 1 change detected
2026-04-09 16:21:31,521 | INFO | 1 change detected
2026-04-09 16:21:31,925 | INFO | 1 change detected
2026-04-09 16:21:32,329 | INFO | 1 change detected
2026-04-09 16:21:32,735 | INFO | 1 change detected
2026-04-09 16:21:33,138 | INFO | 1 change detected
2026-04-09 16:21:33,547 | INFO | 1 change detected
2026-04-09 16:21:33,955 | INFO | 1 change detected
2026-04-09 16:21:34,361 | INFO | 1 change detected
2026-04-09 16:21:34,766 | INFO | 1 change detected
2026-04-09 16:21:35,173 | INFO | 1 change detected
2026-04-09 16:21:35,579 | INFO | 1 change detected
2026-04-09 16:21:35,983 | INFO | 1 change detected
2026-04-09 16:21:36,387 | INFO | 1 change detected
2026-04-09 16:21:36,796 | INFO | 1 change detected
2026-04-09 16:21:37,201 | INFO | 1 change detected
2026-04-09 16:21:37,606 | INFO | 1 change detected
2026-04-09 16:21:38,014 | INFO | 1 change detected
2026-04-09 16:21:38,369 | INFO | 1 change detected
2026-04-09 16:21:38,774 | INFO | 1 change detected
2026-04-09 16:21:39,181 | INFO | 1 change detected
2026-04-09 16:21:39,584 | INFO | 1 change detected
2026-04-09 16:21:39,993 | INFO | 1 change detected
2026-04-09 16:21:40,399 | INFO | 1 change detected
2026-04-09 16:21:40,805 | INFO | 1 change detected
2026-04-09 16:21:41,209 | INFO | 1 change detected
2026-04-09 16:21:41,615 | INFO | 1 change detected
2026-04-09 16:21:42,021 | INFO | 1 change detected
2026-04-09 16:21:42,431 | INFO | 1 change detected
2026-04-09 16:21:42,838 | INFO | 1 change detected
2026-04-09 16:21:43,246 | INFO | 1 change detected
2026-04-09 16:21:43,656 | INFO | 1 change detected
2026-04-09 16:21:44,073 | INFO | 1 change detected
2026-04-09 16:21:44,429 | INFO | 1 change detected
2026-04-09 16:21:44,838 | INFO | 1 change detected
2026-04-09 16:21:45,245 | INFO | 1 change detected
2026-04-09 16:21:45,652 | INFO | 1 change detected
2026-04-09 16:21:46,054 | INFO | 1 change detected
2026-04-09 16:21:46,457 | INFO | 1 change detected
2026-04-09 16:21:46,865 | INFO | 1 change detected
2026-04-09 16:21:47,269 | INFO | 1 change detected
2026-04-09 16:21:47,675 | INFO | 1 change detected
2026-04-09 16:21:48,083 | INFO | 1 change detected
2026-04-09 16:21:48,492 | INFO | 1 change detected
2026-04-09 16:21:48,898 | INFO | 1 change detected
2026-04-09 16:21:49,308 | INFO | 1 change detected
2026-04-09 16:21:49,672 | INFO | 1 change detected
2026-04-09 16:21:50,081 | INFO | 1 change detected
2026-04-09 16:21:50,487 | INFO | 1 change detected
2026-04-09 16:21:50,891 | INFO | 1 change detected
2026-04-09 16:21:51,298 | INFO | 1 change detected
2026-04-09 16:21:51,701 | INFO | 1 change detected
2026-04-09 16:21:52,110 | INFO | 1 change detected
2026-04-09 16:21:52,513 | INFO | 1 change detected
2026-04-09 16:21:52,918 | INFO | 1 change detected
2026-04-09 16:21:53,322 | INFO | 1 change detected
2026-04-09 16:21:53,727 | INFO | 1 change detected
2026-04-09 16:21:54,133 | INFO | 1 change detected
2026-04-09 16:21:54,538 | INFO | 1 change detected
2026-04-09 16:21:54,942 | INFO | 1 change detected
2026-04-09 16:21:55,348 | INFO | 1 change detected
2026-04-09 16:21:55,753 | INFO | 1 change detected
2026-04-09 16:21:56,157 | INFO | 1 change detected
2026-04-09 16:21:56,574 | INFO | 1 change detected
2026-04-09 16:21:56,977 | INFO | 1 change detected
2026-04-09 16:21:57,383 | INFO | 1 change detected
2026-04-09 16:21:57,788 | INFO | 1 change detected
2026-04-09 16:21:58,191 | INFO | 1 change detected
2026-04-09 16:21:58,599 | INFO | 1 change detected
2026-04-09 16:21:59,008 | INFO | 1 change detected
2026-04-09 16:21:59,416 | INFO | 1 change detected
2026-04-09 16:21:59,822 | INFO | 1 change detected
2026-04-09 16:22:00,179 | INFO | 1 change detected
2026-04-09 16:22:00,586 | INFO | 1 change detected
2026-04-09 16:22:00,991 | INFO | 1 change detected
2026-04-09 16:22:01,406 | INFO | 1 change detected
2026-04-09 16:22:01,812 | INFO | 1 change detected
2026-04-09 16:22:02,220 | INFO | 1 change detected
2026-04-09 16:22:02,624 | INFO | 1 change detected
2026-04-09 16:22:03,029 | INFO | 1 change detected
2026-04-09 16:22:03,431 | INFO | 1 change detected
2026-04-09 16:22:03,839 | INFO | 1 change detected
2026-04-09 16:22:04,245 | INFO | 1 change detected
2026-04-09 16:22:04,652 | INFO | 1 change detected
2026-04-09 16:22:05,059 | INFO | 1 change detected
2026-04-09 16:22:05,466 | INFO | 1 change detected
2026-04-09 16:22:05,872 | INFO | 1 change detected
2026-04-09 16:22:06,281 | INFO | 1 change detected
2026-04-09 16:22:06,638 | INFO | 1 change detected
2026-04-09 16:22:07,049 | INFO | 1 change detected
2026-04-09 16:22:07,452 | INFO | 1 change detected
2026-04-09 16:22:07,857 | INFO | 1 change detected
2026-04-09 16:22:08,263 | INFO | 1 change detected
2026-04-09 16:22:08,668 | INFO | 1 change detected
2026-04-09 16:22:08,816 | INFO | Generating data for exponential. Random check: 0.3394997726781718
2026-04-09 16:22:09,076 | INFO | 1 change detected
2026-04-09 16:22:09,480 | INFO | 1 change detected
2026-04-09 16:22:09,889 | INFO | 1 change detected
2026-04-09 16:22:10,298 | INFO | 1 change detected
2026-04-09 16:22:10,705 | INFO | 1 change detected
2026-04-09 16:22:11,112 | INFO | 1 change detected
2026-04-09 16:22:11,514 | INFO | 1 change detected
2026-04-09 16:22:11,918 | INFO | 1 change detected
2026-04-09 16:22:11,958 | INFO | Generating data for exponential. Random check: 0.7679074943544149
2026-04-09 16:22:12,325 | INFO | 1 change detected
2026-04-09 16:22:12,731 | INFO | 1 change detected
2026-04-09 16:22:13,137 | INFO | 1 change detected
2026-04-09 16:22:13,493 | INFO | 1 change detected
2026-04-09 16:22:13,903 | INFO | 1 change detected
2026-04-09 16:22:14,314 | INFO | 1 change detected
2026-04-09 16:22:14,719 | INFO | 1 change detected
2026-04-09 16:22:15,127 | INFO | 1 change detected
2026-04-09 16:22:15,531 | INFO | 1 change detected
2026-04-09 16:22:15,934 | INFO | 1 change detected
2026-04-09 16:22:16,342 | INFO | 1 change detected
2026-04-09 16:22:16,746 | INFO | 1 change detected
2026-04-09 16:22:17,150 | INFO | 1 change detected
2026-04-09 16:22:17,559 | INFO | 1 change detected
2026-04-09 16:22:17,967 | INFO | 1 change detected
2026-04-09 16:22:18,376 | INFO | 1 change detected
2026-04-09 16:22:18,780 | INFO | 1 change detected
2026-04-09 16:22:19,185 | INFO | 1 change detected
2026-04-09 16:22:19,592 | INFO | 1 change detected
2026-04-09 16:22:19,994 | INFO | 1 change detected
2026-04-09 16:22:20,399 | INFO | 1 change detected
2026-04-09 16:22:20,802 | INFO | 1 change detected
2026-04-09 16:22:21,207 | INFO | 1 change detected
2026-04-09 16:22:21,613 | INFO | 1 change detected
2026-04-09 16:22:22,019 | INFO | 1 change detected
2026-04-09 16:22:22,376 | INFO | 1 change detected
2026-04-09 16:22:22,785 | INFO | 1 change detected
2026-04-09 16:22:23,190 | INFO | 1 change detected
2026-04-09 16:22:23,594 | INFO | 1 change detected
2026-04-09 16:22:23,996 | INFO | 1 change detected
2026-04-09 16:22:24,404 | INFO | 1 change detected
2026-04-09 16:22:24,806 | INFO | 1 change detected
2026-04-09 16:22:25,211 | INFO | 1 change detected
2026-04-09 16:22:25,614 | INFO | 1 change detected
2026-04-09 16:22:26,022 | INFO | 1 change detected
2026-04-09 16:22:26,427 | INFO | 1 change detected
2026-04-09 16:22:26,834 | INFO | 1 change detected
2026-04-09 16:22:27,236 | INFO | 1 change detected
2026-04-09 16:22:27,641 | INFO | 1 change detected
2026-04-09 16:22:28,048 | INFO | 1 change detected
2026-04-09 16:22:28,453 | INFO | 1 change detected
2026-04-09 16:22:28,859 | INFO | 1 change detected
2026-04-09 16:22:29,265 | INFO | 1 change detected
2026-04-09 16:22:29,668 | INFO | 1 change detected
2026-04-09 16:22:30,076 | INFO | 1 change detected
2026-04-09 16:22:30,485 | INFO | 1 change detected
2026-04-09 16:22:30,891 | INFO | 1 change detected
2026-04-09 16:22:31,296 | INFO | 1 change detected
2026-04-09 16:22:31,703 | INFO | 1 change detected
2026-04-09 16:22:32,108 | INFO | 1 change detected
2026-04-09 16:22:32,512 | INFO | 1 change detected
2026-04-09 16:22:32,915 | INFO | 1 change detected
2026-04-09 16:22:33,320 | INFO | 1 change detected
2026-04-09 16:22:33,729 | INFO | 1 change detected
2026-04-09 16:22:34,133 | INFO | 1 change detected
2026-04-09 16:22:34,535 | INFO | 1 change detected
2026-04-09 16:22:34,942 | INFO | 1 change detected
2026-04-09 16:22:35,344 | INFO | 1 change detected
2026-04-09 16:22:35,751 | INFO | 1 change detected
2026-04-09 16:22:36,156 | INFO | 1 change detected
2026-04-09 16:22:36,564 | INFO | 1 change detected
2026-04-09 16:22:36,966 | INFO | 1 change detected
2026-04-09 16:22:37,370 | INFO | 1 change detected
2026-04-09 16:22:37,776 | INFO | 1 change detected
2026-04-09 16:22:38,180 | INFO | 1 change detected
2026-04-09 16:22:38,585 | INFO | 1 change detected
2026-04-09 16:22:38,988 | INFO | 1 change detected
2026-04-09 16:22:39,392 | INFO | 1 change detected
2026-04-09 16:22:39,798 | INFO | 1 change detected
2026-04-09 16:22:40,202 | INFO | 1 change detected
2026-04-09 16:22:40,609 | INFO | 1 change detected
2026-04-09 16:22:40,963 | INFO | 1 change detected
2026-04-09 16:22:41,374 | INFO | 1 change detected
2026-04-09 16:22:41,784 | INFO | 1 change detected
2026-04-09 16:22:42,191 | INFO | 1 change detected
2026-04-09 16:22:42,595 | INFO | 1 change detected
2026-04-09 16:22:43,000 | INFO | 1 change detected
2026-04-09 16:22:43,406 | INFO | 1 change detected
2026-04-09 16:22:43,817 | INFO | 1 change detected
2026-04-09 16:22:44,224 | INFO | 1 change detected
2026-04-09 16:22:44,630 | INFO | 1 change detected
2026-04-09 16:22:45,039 | INFO | 1 change detected
2026-04-09 16:22:45,444 | INFO | 1 change detected
2026-04-09 16:22:45,852 | INFO | 1 change detected
2026-04-09 16:22:46,218 | INFO | 1 change detected
2026-04-09 16:22:46,629 | INFO | 1 change detected
2026-04-09 16:22:47,031 | INFO | 1 change detected
2026-04-09 16:22:47,440 | INFO | 1 change detected
2026-04-09 16:22:47,843 | INFO | 1 change detected
2026-04-09 16:22:48,247 | INFO | 1 change detected
2026-04-09 16:22:48,651 | INFO | 1 change detected
2026-04-09 16:22:49,057 | INFO | 1 change detected
2026-04-09 16:22:49,459 | INFO | 1 change detected
2026-04-09 16:22:49,866 | INFO | 1 change detected
2026-04-09 16:22:50,271 | INFO | 1 change detected
2026-04-09 16:22:50,677 | INFO | 1 change detected
2026-04-09 16:22:51,082 | INFO | 1 change detected
2026-04-09 16:22:51,488 | INFO | 1 change detected
2026-04-09 16:22:51,890 | INFO | 1 change detected
2026-04-09 16:22:52,294 | INFO | 1 change detected
2026-04-09 16:22:52,703 | INFO | 1 change detected
2026-04-09 16:22:53,107 | INFO | 1 change detected
2026-04-09 16:22:53,517 | INFO | 1 change detected
2026-04-09 16:22:53,923 | INFO | 1 change detected
2026-04-09 16:22:54,330 | INFO | 1 change detected
2026-04-09 16:22:54,685 | INFO | 1 change detected
2026-04-09 16:22:55,096 | INFO | 1 change detected
2026-04-09 16:22:55,502 | INFO | 1 change detected
2026-04-09 16:22:55,907 | INFO | 1 change detected
2026-04-09 16:22:56,310 | INFO | 1 change detected
2026-04-09 16:22:56,719 | INFO | 1 change detected
2026-04-09 16:22:57,125 | INFO | 1 change detected
2026-04-09 16:22:57,529 | INFO | 1 change detected
2026-04-09 16:22:57,934 | INFO | 1 change detected
2026-04-09 16:22:58,338 | INFO | 1 change detected
2026-04-09 16:22:58,744 | INFO | 1 change detected
2026-04-09 16:22:59,149 | INFO | 1 change detected
2026-04-09 16:22:59,556 | INFO | 1 change detected
2026-04-09 16:22:59,958 | INFO | 1 change detected
2026-04-09 16:23:00,367 | INFO | 1 change detected
2026-04-09 16:23:00,770 | INFO | 1 change detected
2026-04-09 16:23:01,177 | INFO | 1 change detected
2026-04-09 16:23:01,534 | INFO | 1 change detected
2026-04-09 16:23:01,944 | INFO | 1 change detected
2026-04-09 16:23:02,351 | INFO | 1 change detected
2026-04-09 16:23:02,757 | INFO | 1 change detected
2026-04-09 16:23:03,162 | INFO | 1 change detected
2026-04-09 16:23:03,568 | INFO | 1 change detected
2026-04-09 16:23:03,975 | INFO | 1 change detected
2026-04-09 16:23:04,380 | INFO | 1 change detected
2026-04-09 16:23:04,786 | INFO | 1 change detected
2026-04-09 16:23:05,193 | INFO | 1 change detected
2026-04-09 16:23:05,597 | INFO | 1 change detected
2026-04-09 16:23:06,004 | INFO | 1 change detected
2026-04-09 16:23:06,409 | INFO | 1 change detected
2026-04-09 16:23:06,812 | INFO | 1 change detected
2026-04-09 16:23:07,218 | INFO | 1 change detected
2026-04-09 16:23:07,625 | INFO | 1 change detected
2026-04-09 16:23:08,033 | INFO | 1 change detected
2026-04-09 16:23:08,438 | INFO | 1 change detected
2026-04-09 16:23:08,843 | INFO | 1 change detected
2026-04-09 16:23:09,247 | INFO | 1 change detected
2026-04-09 16:23:09,652 | INFO | 1 change detected
2026-04-09 16:23:10,057 | INFO | 1 change detected
2026-04-09 16:23:10,462 | INFO | 1 change detected
2026-04-09 16:23:10,870 | INFO | 1 change detected
2026-04-09 16:23:11,226 | INFO | 1 change detected
2026-04-09 16:23:11,637 | INFO | 1 change detected
2026-04-09 16:23:12,043 | INFO | 1 change detected
2026-04-09 16:23:12,449 | INFO | 1 change detected
2026-04-09 16:23:12,851 | INFO | 1 change detected
2026-04-09 16:23:13,257 | INFO | 1 change detected
2026-04-09 16:23:13,666 | INFO | 1 change detected
2026-04-09 16:23:14,074 | INFO | 1 change detected
2026-04-09 16:23:14,477 | INFO | 1 change detected
2026-04-09 16:23:14,881 | INFO | 1 change detected
2026-04-09 16:23:15,284 | INFO | 1 change detected
2026-04-09 16:23:15,695 | INFO | 1 change detected
2026-04-09 16:23:16,099 | INFO | 1 change detected
2026-04-09 16:23:16,465 | INFO | 1 change detected
2026-04-09 16:23:16,875 | INFO | 1 change detected
2026-04-09 16:23:17,282 | INFO | 1 change detected
2026-04-09 16:23:17,690 | INFO | 1 change detected
2026-04-09 16:23:18,098 | INFO | 1 change detected
2026-04-09 16:23:18,504 | INFO | 1 change detected
2026-04-09 16:23:19,937 | INFO | 1 change detected
2026-04-09 16:23:20,806 | INFO | 1 change detected
2026-04-09 16:23:21,159 | INFO | 1 change detected
2026-04-09 16:23:21,521 | INFO | 1 change detected
2026-04-09 16:23:21,981 | INFO | 1 change detected
2026-04-09 16:23:22,337 | INFO | 1 change detected
2026-04-09 16:23:22,749 | INFO | 1 change detected
2026-04-09 16:23:23,156 | INFO | 1 change detected
2026-04-09 16:23:23,563 | INFO | 1 change detected
2026-04-09 16:23:23,968 | INFO | 1 change detected
2026-04-09 16:23:24,324 | INFO | 1 change detected
2026-04-09 16:23:24,735 | INFO | 1 change detected
2026-04-09 16:23:25,140 | INFO | 1 change detected
2026-04-09 16:23:25,543 | INFO | 1 change detected
2026-04-09 16:23:25,950 | INFO | 1 change detected
2026-04-09 16:23:26,367 | INFO | 1 change detected
2026-04-09 16:23:26,773 | INFO | 1 change detected
2026-04-09 16:23:27,175 | INFO | 1 change detected
2026-04-09 16:23:27,584 | INFO | 1 change detected
2026-04-09 16:23:27,991 | INFO | 1 change detected
2026-04-09 16:23:28,347 | INFO | 1 change detected
2026-04-09 16:23:28,712 | INFO | 1 change detected
2026-04-09 16:23:29,071 | INFO | 1 change detected
2026-04-09 16:23:29,432 | INFO | 1 change detected
2026-04-09 16:23:29,788 | INFO | 1 change detected
2026-04-09 16:23:30,148 | INFO | 1 change detected
2026-04-09 16:23:30,507 | INFO | 1 change detected
2026-04-09 16:23:31,870 | INFO | 1 change detected
2026-04-09 16:23:32,236 | INFO | 1 change detected
2026-04-09 16:23:32,595 | INFO | 1 change detected
2026-04-09 16:23:33,004 | INFO | 1 change detected
2026-04-09 16:23:33,408 | INFO | 1 change detected
2026-04-09 16:23:33,812 | INFO | 1 change detected
2026-04-09 16:23:34,220 | INFO | 1 change detected
2026-04-09 16:23:34,576 | INFO | 1 change detected
2026-04-09 16:25:38,299 | INFO | 1 change detected
2026-04-09 16:29:48,607 | INFO | Starting StatsAI Unified UI Frontend on port 8080...
2026-04-09 16:29:52,307 | INFO | Starting StatsAI Unified UI Frontend on port 8080...
2026-04-09 16:29:52,405 | INFO | 1 change detected
2026-04-09 16:29:52,767 | INFO | 1 change detected
2026-04-09 16:29:53,125 | INFO | 1 change detected
2026-04-09 16:29:53,534 | INFO | 1 change detected
2026-04-09 16:29:53,941 | INFO | 1 change detected
2026-04-09 16:29:54,347 | INFO | 1 change detected
2026-04-09 16:29:54,751 | INFO | 1 change detected
2026-04-09 16:29:55,157 | INFO | 1 change detected
2026-04-09 16:29:55,562 | INFO | 1 change detected
2026-04-09 16:29:55,970 | INFO | 1 change detected
2026-04-09 16:29:56,377 | INFO | 1 change detected
2026-04-09 16:29:56,781 | INFO | 1 change detected
2026-04-09 16:29:57,189 | INFO | 1 change detected
2026-04-09 16:29:57,596 | INFO | 1 change detected
2026-04-09 16:29:58,003 | INFO | 1 change detected
2026-04-09 16:29:58,414 | INFO | 1 change detected
2026-04-09 16:29:58,819 | INFO | 1 change detected
2026-04-09 16:29:59,222 | INFO | 1 change detected
2026-04-09 16:29:59,630 | INFO | 1 change detected
2026-04-09 16:30:00,037 | INFO | 1 change detected
2026-04-09 16:30:00,397 | INFO | 1 change detected
2026-04-09 16:30:00,809 | INFO | 1 change detected
2026-04-09 16:30:01,214 | INFO | 1 change detected
2026-04-09 16:30:01,621 | INFO | 1 change detected
2026-04-09 16:30:02,024 | INFO | 1 change detected
2026-04-09 16:30:02,430 | INFO | 1 change detected
2026-04-09 16:30:02,835 | INFO | 1 change detected
2026-04-09 16:30:03,239 | INFO | 1 change detected
2026-04-09 16:30:03,643 | INFO | 1 change detected
2026-04-09 16:30:04,053 | INFO | 1 change detected
2026-04-09 16:30:04,461 | INFO | 1 change detected
2026-04-09 16:30:04,866 | INFO | 1 change detected
2026-04-09 16:30:05,272 | INFO | 1 change detected
2026-04-09 16:30:05,681 | INFO | 1 change detected
2026-04-09 16:30:06,088 | INFO | 1 change detected
2026-04-09 16:30:06,495 | INFO | 1 change detected
2026-04-09 16:30:06,900 | INFO | 1 change detected
2026-04-09 16:30:07,307 | INFO | 1 change detected
2026-04-09 16:30:07,709 | INFO | 1 change detected
2026-04-09 16:30:08,113 | INFO | 1 change detected
2026-04-09 16:30:08,516 | INFO | 1 change detected
2026-04-09 16:30:08,921 | INFO | 1 change detected
2026-04-09 16:30:09,329 | INFO | 1 change detected
2026-04-09 16:30:09,735 | INFO | 1 change detected
2026-04-09 16:30:10,140 | INFO | 1 change detected
2026-04-09 16:30:10,544 | INFO | 1 change detected
2026-04-09 16:30:10,947 | INFO | 1 change detected
2026-04-09 16:30:11,354 | INFO | 1 change detected
2026-04-09 16:30:11,761 | INFO | 1 change detected
2026-04-09 16:30:12,166 | INFO | 1 change detected
2026-04-09 16:30:12,574 | INFO | 1 change detected
2026-04-09 16:30:12,980 | INFO | 1 change detected
2026-04-09 16:30:13,388 | INFO | 1 change detected
2026-04-09 16:30:13,803 | INFO | 1 change detected
2026-04-09 16:30:14,210 | INFO | 1 change detected
2026-04-09 16:30:14,619 | INFO | 1 change detected
2026-04-09 16:30:15,023 | INFO | 1 change detected
2026-04-09 16:30:15,429 | INFO | 1 change detected
2026-04-09 16:30:15,832 | INFO | 1 change detected
2026-04-09 16:30:16,240 | INFO | 1 change detected
2026-04-09 16:30:16,647 | INFO | 1 change detected
2026-04-09 16:30:17,053 | INFO | 1 change detected
2026-04-09 16:30:17,462 | INFO | 1 change detected
2026-04-09 16:30:17,876 | INFO | 1 change detected
2026-04-09 16:30:18,291 | INFO | 1 change detected
2026-04-09 16:30:18,697 | INFO | 1 change detected
2026-04-09 16:30:19,107 | INFO | 1 change detected
2026-04-09 16:30:19,514 | INFO | 1 change detected
2026-04-09 16:30:19,917 | INFO | 1 change detected
2026-04-09 16:30:20,322 | INFO | 1 change detected
2026-04-09 16:30:20,728 | INFO | 1 change detected
2026-04-09 16:30:21,284 | INFO | 1 change detected
2026-04-09 16:30:21,643 | INFO | 1 change detected
2026-04-09 16:30:21,998 | INFO | 1 change detected
2026-04-09 16:30:22,411 | INFO | 1 change detected
2026-04-09 16:30:22,816 | INFO | 1 change detected
2026-04-09 16:30:23,219 | INFO | 1 change detected
2026-04-09 16:30:23,573 | INFO | 1 change detected
2026-04-09 16:30:27,460 | ERROR | Task exception was never retrieved
future: <Task finished name='Task-57' coro=<main_page.<locals>.send_message() done, defined at C:\Users\dipk6\OneDrive\Documents\Antogravity\nicegui_app\main.py:529> exception=NameError("name 'render_recents' is not defined")>
Traceback (most recent call last):
  File "C:\Users\dipk6\OneDrive\Documents\Antogravity\nicegui_app\main.py", line 543, in send_message
    render_recents.refresh()
    ^^^^^^^^^^^^^^
NameError: name 'render_recents' is not defined
2026-04-09 16:31:19,373 | INFO | 1 change detected
2026-04-09 16:31:48,460 | INFO | Starting StatsAI Unified UI Frontend on port 8080...
2026-04-09 16:31:51,784 | INFO | Starting StatsAI Unified UI Frontend on port 8080...
2026-04-09 16:31:51,863 | INFO | 1 change detected
2026-04-09 16:31:52,225 | INFO | 1 change detected
2026-04-09 16:31:52,634 | INFO | 1 change detected
2026-04-09 16:31:52,991 | INFO | 1 change detected
2026-04-09 16:31:53,401 | INFO | 1 change detected
2026-04-09 16:31:53,805 | INFO | 1 change detected
2026-04-09 16:31:54,211 | INFO | 1 change detected
2026-04-09 16:31:54,618 | INFO | 1 change detected
2026-04-09 16:31:55,021 | INFO | 1 change detected
2026-04-09 16:31:55,430 | INFO | 1 change detected
2026-04-09 16:31:55,834 | INFO | 1 change detected
2026-04-09 16:31:56,244 | INFO | 1 change detected
2026-04-09 16:31:56,648 | INFO | 1 change detected
2026-04-09 16:31:57,054 | INFO | 1 change detected
2026-04-09 16:31:57,458 | INFO | 1 change detected
2026-04-09 16:31:57,865 | INFO | 1 change detected
2026-04-09 16:31:58,269 | INFO | 1 change detected
2026-04-09 16:31:58,676 | INFO | 1 change detected
2026-04-09 16:31:59,086 | INFO | 1 change detected
2026-04-09 16:31:59,497 | INFO | 1 change detected
2026-04-09 16:31:59,905 | INFO | 1 change detected
2026-04-09 16:32:00,308 | INFO | 1 change detected
2026-04-09 16:32:00,713 | INFO | 1 change detected
2026-04-09 16:32:01,117 | INFO | 1 change detected
2026-04-09 16:32:01,521 | INFO | 1 change detected
2026-04-09 16:32:01,881 | INFO | 1 change detected
2026-04-09 16:32:02,291 | INFO | 1 change detected
2026-04-09 16:32:02,696 | INFO | 1 change detected
2026-04-09 16:32:03,105 | INFO | 1 change detected
2026-04-09 16:32:03,510 | INFO | 1 change detected
2026-04-09 16:32:03,915 | INFO | 1 change detected
2026-04-09 16:32:04,323 | INFO | 1 change detected
2026-04-09 16:32:04,730 | INFO | 1 change detected
2026-04-09 16:32:05,139 | INFO | 1 change detected
2026-04-09 16:32:05,545 | INFO | 1 change detected
2026-04-09 16:32:05,950 | INFO | 1 change detected
2026-04-09 16:32:06,358 | INFO | 1 change detected
2026-04-09 16:32:06,770 | INFO | 1 change detected
2026-04-09 16:32:07,173 | INFO | 1 change detected
2026-04-09 16:32:07,580 | INFO | 1 change detected
2026-04-09 16:32:07,986 | INFO | 1 change detected
2026-04-09 16:32:08,392 | INFO | 1 change detected
2026-04-09 16:32:08,798 | INFO | 1 change detected
2026-04-09 16:32:09,204 | INFO | 1 change detected
2026-04-09 16:32:09,610 | INFO | 1 change detected
2026-04-09 16:32:10,016 | INFO | 1 change detected
2026-04-09 16:32:10,422 | INFO | 1 change detected
2026-04-09 16:32:10,828 | INFO | 1 change detected
2026-04-09 16:32:11,238 | INFO | 1 change detected
2026-04-09 16:32:11,644 | INFO | 1 change detected
2026-04-09 16:32:12,001 | INFO | 1 change detected
2026-04-09 16:32:12,411 | INFO | 1 change detected
2026-04-09 16:32:12,814 | INFO | 1 change detected
2026-04-09 16:32:13,219 | INFO | 1 change detected
2026-04-09 16:32:13,626 | INFO | 1 change detected
2026-04-09 16:32:14,033 | INFO | 1 change detected
2026-04-09 16:32:14,439 | INFO | 1 change detected
2026-04-09 16:32:14,845 | INFO | 1 change detected
2026-04-09 16:32:15,254 | INFO | 1 change detected
2026-04-09 16:32:15,657 | INFO | 1 change detected
2026-04-09 16:32:16,061 | INFO | 1 change detected
2026-04-09 16:32:16,468 | INFO | 1 change detected
2026-04-09 16:32:16,873 | INFO | 1 change detected
2026-04-09 16:32:17,280 | INFO | 1 change detected
2026-04-09 16:32:17,685 | INFO | 1 change detected
2026-04-09 16:32:18,091 | INFO | 1 change detected
2026-04-09 16:32:18,498 | INFO | 1 change detected
2026-04-09 16:32:18,901 | INFO | 1 change detected
2026-04-09 16:32:19,303 | INFO | 1 change detected
2026-04-09 16:32:19,711 | INFO | 1 change detected
2026-04-09 16:32:20,117 | INFO | 1 change detected
2026-04-09 16:32:20,524 | INFO | 1 change detected
2026-04-09 16:32:20,929 | INFO | 1 change detected
2026-04-09 16:32:21,337 | INFO | 1 change detected
2026-04-09 16:32:21,696 | INFO | 1 change detected
2026-04-09 16:32:22,101 | INFO | 1 change detected
2026-04-09 16:32:22,508 | INFO | 1 change detected
2026-04-09 16:32:22,913 | INFO | 1 change detected
2026-04-09 16:32:23,318 | INFO | 1 change detected
2026-04-09 16:32:23,724 | INFO | 1 change detected
2026-04-09 16:32:24,132 | INFO | 1 change detected
2026-04-09 16:32:24,538 | INFO | 1 change detected
2026-04-09 16:32:24,944 | INFO | 1 change detected
2026-04-09 16:32:25,351 | INFO | 1 change detected
2026-04-09 16:32:25,757 | INFO | 1 change detected
2026-04-09 16:32:26,163 | INFO | 1 change detected
2026-04-09 16:32:26,571 | INFO | 1 change detected
2026-04-09 16:32:26,974 | INFO | 1 change detected
2026-04-09 16:32:27,381 | INFO | 1 change detected
2026-04-09 16:32:27,787 | INFO | 1 change detected
2026-04-09 16:32:28,139 | INFO | 1 change detected
2026-04-09 16:32:28,698 | INFO | 1 change detected
2026-04-09 16:32:29,107 | INFO | 1 change detected
2026-04-09 16:32:29,516 | INFO | 1 change detected
2026-04-09 16:32:29,924 | INFO | 1 change detected
2026-04-09 16:32:30,326 | INFO | 1 change detected
2026-04-09 16:32:30,732 | INFO | 1 change detected
2026-04-09 16:32:31,136 | INFO | 1 change detected
2026-04-09 16:32:31,540 | INFO | 1 change detected
2026-04-09 16:32:31,944 | INFO | 1 change detected
2026-04-09 16:32:32,361 | INFO | 1 change detected
2026-04-09 16:32:32,765 | INFO | 1 change detected
2026-04-09 16:32:33,171 | INFO | 1 change detected
2026-04-09 16:32:33,576 | INFO | 1 change detected
2026-04-09 16:32:33,981 | INFO | 1 change detected
2026-04-09 16:32:34,387 | INFO | 1 change detected
2026-04-09 16:32:34,792 | INFO | 1 change detected
2026-04-09 16:32:35,348 | INFO | 1 change detected
2026-04-09 16:32:35,709 | INFO | 1 change detected
2026-04-09 16:32:36,120 | INFO | 1 change detected
2026-04-09 16:32:36,526 | INFO | 1 change detected
2026-04-09 16:32:36,930 | INFO | 1 change detected
2026-04-09 16:32:37,334 | INFO | 1 change detected
2026-04-09 16:32:37,742 | INFO | 1 change detected
2026-04-09 16:32:38,147 | INFO | 1 change detected
2026-04-09 16:32:38,553 | INFO | 1 change detected
2026-04-09 16:32:38,958 | INFO | 1 change detected
2026-04-09 16:32:39,365 | INFO | 1 change detected
2026-04-09 16:32:39,770 | INFO | 1 change detected
2026-04-09 16:32:40,175 | INFO | 1 change detected
2026-04-09 16:32:40,631 | INFO | 1 change detected
2026-04-09 16:32:41,034 | INFO | 1 change detected
2026-04-09 16:32:41,440 | INFO | 1 change detected
2026-04-09 16:32:41,847 | INFO | 1 change detected
2026-04-09 16:32:42,251 | INFO | 1 change detected
2026-04-09 16:32:42,807 | INFO | 1 change detected
2026-04-09 16:32:43,166 | INFO | 1 change detected
2026-04-09 16:32:43,577 | INFO | 1 change detected
2026-04-09 16:32:43,979 | INFO | 1 change detected
2026-04-09 16:32:44,386 | INFO | 1 change detected
2026-04-09 16:32:44,943 | INFO | 1 change detected
2026-04-09 16:32:45,351 | INFO | 1 change detected
2026-04-09 16:32:45,757 | INFO | 1 change detected
2026-04-09 16:32:46,764 | INFO | 1 change detected
2026-04-09 16:32:47,121 | INFO | 1 change detected
2026-04-09 16:32:47,478 | INFO | 1 change detected
2026-04-09 16:32:47,888 | INFO | 1 change detected
2026-04-09 16:32:48,294 | INFO | 1 change detected
2026-04-09 16:32:48,699 | INFO | 1 change detected
2026-04-09 16:32:49,108 | INFO | 1 change detected
2026-04-09 16:32:49,513 | INFO | 1 change detected
2026-04-09 16:32:49,917 | INFO | 1 change detected
2026-04-09 16:32:50,324 | INFO | 1 change detected
2026-04-09 16:32:50,732 | INFO | 1 change detected
2026-04-09 16:32:51,135 | INFO | 1 change detected
2026-04-09 16:32:51,540 | INFO | 1 change detected
2026-04-09 16:32:51,943 | INFO | 1 change detected
2026-04-09 16:32:52,396 | INFO | 1 change detected
2026-04-09 16:32:52,800 | INFO | 1 change detected
2026-04-09 16:32:53,204 | INFO | 1 change detected
2026-04-09 16:32:53,611 | INFO | 1 change detected
2026-04-09 16:32:54,015 | INFO | 1 change detected
2026-04-09 16:32:54,419 | INFO | 1 change detected
2026-04-09 16:32:54,822 | INFO | 1 change detected
2026-04-09 16:32:55,381 | INFO | 1 change detected
2026-04-09 16:32:55,747 | INFO | 1 change detected
2026-04-09 16:32:56,154 | INFO | 1 change detected
2026-04-09 16:32:56,559 | INFO | 1 change detected
2026-04-09 16:32:57,167 | INFO | 1 change detected
2026-04-09 16:32:57,524 | INFO | 1 change detected
2026-04-09 16:32:57,881 | INFO | 1 change detected
2026-04-09 16:32:58,287 | INFO | 1 change detected
2026-04-09 16:32:58,695 | INFO | 1 change detected
2026-04-09 16:32:59,100 | INFO | 1 change detected
2026-04-09 16:32:59,502 | INFO | 1 change detected
2026-04-09 16:32:59,910 | INFO | 1 change detected
2026-04-09 16:33:00,368 | INFO | 1 change detected
2026-04-09 16:33:00,783 | INFO | 1 change detected
2026-04-09 16:33:01,190 | INFO | 1 change detected
2026-04-09 16:33:01,595 | INFO | 1 change detected
2026-04-09 16:33:02,001 | INFO | 1 change detected
2026-04-09 16:33:02,558 | INFO | 1 change detected
2026-04-09 16:33:02,971 | INFO | 1 change detected
2026-04-09 16:33:03,379 | INFO | 1 change detected
2026-04-09 16:33:03,786 | INFO | 1 change detected
2026-04-09 16:33:04,192 | INFO | 1 change detected
2026-04-09 16:33:04,599 | INFO | 1 change detected
2026-04-09 16:33:05,204 | INFO | 1 change detected
2026-04-09 16:33:05,559 | INFO | 1 change detected
2026-04-09 16:33:05,970 | INFO | 1 change detected
2026-04-09 16:33:06,373 | INFO | 1 change detected
2026-04-09 16:33:06,981 | INFO | 1 change detected
2026-04-09 16:33:07,336 | INFO | 1 change detected
2026-04-09 16:33:07,694 | INFO | 1 change detected
2026-04-09 16:33:08,201 | INFO | 1 change detected
2026-04-09 16:33:08,616 | INFO | 1 change detected
2026-04-09 16:33:09,022 | INFO | 1 change detected
2026-04-09 16:33:09,424 | INFO | 1 change detected
2026-04-09 16:33:09,830 | INFO | 1 change detected
2026-04-09 16:33:10,234 | INFO | 1 change detected
2026-04-09 16:33:10,642 | INFO | 1 change detected
2026-04-09 16:33:11,046 | INFO | 1 change detected
2026-04-09 16:33:11,448 | INFO | 1 change detected
2026-04-09 16:33:11,854 | INFO | 1 change detected
2026-04-09 16:33:12,262 | INFO | 1 change detected
2026-04-09 16:33:12,670 | INFO | 1 change detected
2026-04-09 16:33:13,073 | INFO | 1 change detected
2026-04-09 16:33:13,481 | INFO | 1 change detected
2026-04-09 16:33:13,887 | INFO | 1 change detected
2026-04-09 16:33:14,292 | INFO | 1 change detected
2026-04-09 16:33:14,697 | INFO | 1 change detected
2026-04-09 16:33:15,104 | INFO | 1 change detected
2026-04-09 16:33:15,508 | INFO | 1 change detected
2026-04-09 16:33:15,913 | INFO | 1 change detected
2026-04-09 16:33:16,318 | INFO | 1 change detected
2026-04-09 16:33:16,722 | INFO | 1 change detected
2026-04-09 16:33:17,131 | INFO | 1 change detected
2026-04-09 16:33:17,539 | INFO | 1 change detected
2026-04-09 16:33:17,945 | INFO | 1 change detected
2026-04-09 16:33:18,349 | INFO | 1 change detected
2026-04-09 16:33:18,755 | INFO | 1 change detected
2026-04-09 16:33:19,162 | INFO | 1 change detected
2026-04-09 16:33:19,570 | INFO | 1 change detected
2026-04-09 16:33:19,975 | INFO | 1 change detected
2026-04-09 16:33:20,380 | INFO | 1 change detected
2026-04-09 16:33:20,782 | INFO | 1 change detected
2026-04-09 16:33:21,191 | INFO | 1 change detected
2026-04-09 16:33:21,596 | INFO | 1 change detected
2026-04-09 16:33:22,002 | INFO | 1 change detected
2026-04-09 16:33:22,409 | INFO | 1 change detected
2026-04-09 16:33:22,812 | INFO | 1 change detected
2026-04-09 16:33:23,218 | INFO | 1 change detected
2026-04-09 16:33:23,623 | INFO | 1 change detected
2026-04-09 16:33:24,030 | INFO | 1 change detected
2026-04-09 16:33:24,435 | INFO | 1 change detected
2026-04-09 16:33:24,838 | INFO | 1 change detected
2026-04-09 16:33:25,243 | INFO | 1 change detected
2026-04-09 16:33:25,649 | INFO | 1 change detected
2026-04-09 16:33:26,057 | INFO | 1 change detected
2026-04-09 16:33:26,464 | INFO | 1 change detected
2026-04-09 16:33:26,869 | INFO | 1 change detected
2026-04-09 16:33:27,275 | INFO | 1 change detected
2026-04-09 16:33:27,680 | INFO | 1 change detected
2026-04-09 16:33:28,089 | INFO | 1 change detected
2026-04-09 16:33:28,496 | INFO | 1 change detected
2026-04-09 16:33:28,900 | INFO | 1 change detected
2026-04-09 16:33:29,306 | INFO | 1 change detected
2026-04-09 16:33:29,713 | INFO | 1 change detected
2026-04-09 16:33:30,119 | INFO | 1 change detected
2026-04-09 16:33:30,524 | INFO | 1 change detected
2026-04-09 16:33:30,927 | INFO | 1 change detected
2026-04-09 16:33:31,332 | INFO | 1 change detected
2026-04-09 16:33:31,736 | INFO | 1 change detected
2026-04-09 16:33:32,141 | INFO | 1 change detected
2026-04-09 16:33:32,547 | INFO | 1 change detected
2026-04-09 16:33:32,953 | INFO | 1 change detected
2026-04-09 16:33:33,357 | INFO | 1 change detected
2026-04-09 16:33:33,761 | INFO | 1 change detected
2026-04-09 16:33:34,167 | INFO | 1 change detected
2026-04-09 16:33:34,574 | INFO | 1 change detected
2026-04-09 16:33:34,977 | INFO | 1 change detected
2026-04-09 16:33:35,383 | INFO | 1 change detected
2026-04-09 16:33:35,789 | INFO | 1 change detected
2026-04-09 16:33:36,194 | INFO | 2 changes detected
2026-04-09 16:37:07,459 | INFO | Starting StatsAI Unified UI Frontend on port 8080...
2026-04-09 16:37:11,448 | INFO | Starting StatsAI Unified UI Frontend on port 8080...
2026-04-09 16:37:11,551 | INFO | 1 change detected
2026-04-09 16:37:11,907 | INFO | 1 change detected
2026-04-09 16:37:12,265 | INFO | 1 change detected
2026-04-09 16:37:12,675 | INFO | 1 change detected
2026-04-09 16:37:13,080 | INFO | 1 change detected
2026-04-09 16:37:13,486 | INFO | 1 change detected
2026-04-09 16:37:13,891 | INFO | 1 change detected
2026-04-09 16:37:14,300 | INFO | 1 change detected
2026-04-09 16:37:14,703 | INFO | 1 change detected
2026-04-09 16:37:15,107 | INFO | 1 change detected
2026-04-09 16:37:15,511 | INFO | 1 change detected
2026-04-09 16:37:15,917 | INFO | 1 change detected
2026-04-09 16:37:16,319 | INFO | 1 change detected
2026-04-09 16:37:16,725 | INFO | 1 change detected
2026-04-09 16:37:17,132 | INFO | 1 change detected
2026-04-09 16:37:17,538 | INFO | 1 change detected
2026-04-09 16:37:17,945 | INFO | 1 change detected
2026-04-09 16:37:18,354 | INFO | 1 change detected
2026-04-09 16:37:18,763 | INFO | 1 change detected
2026-04-09 16:37:19,167 | INFO | 1 change detected
2026-04-09 16:37:19,573 | INFO | 1 change detected
2026-04-09 16:37:19,978 | INFO | 1 change detected
2026-04-09 16:37:20,382 | INFO | 1 change detected
2026-04-09 16:37:20,744 | INFO | 1 change detected
2026-04-09 16:37:21,157 | INFO | 1 change detected
2026-04-09 16:37:21,563 | INFO | 1 change detected
2026-04-09 16:37:21,967 | INFO | 1 change detected
2026-04-09 16:37:22,372 | INFO | 1 change detected
2026-04-09 16:37:22,777 | INFO | 1 change detected
2026-04-09 16:37:23,184 | INFO | 1 change detected
2026-04-09 16:37:23,589 | INFO | 1 change detected
2026-04-09 16:37:23,992 | INFO | 1 change detected
2026-04-09 16:37:24,395 | INFO | 1 change detected
2026-04-09 16:37:24,799 | INFO | 1 change detected
2026-04-09 16:37:25,202 | INFO | 1 change detected
2026-04-09 16:37:25,609 | INFO | 1 change detected
2026-04-09 16:37:26,017 | INFO | 1 change detected
2026-04-09 16:37:26,421 | INFO | 1 change detected
2026-04-09 16:37:26,838 | INFO | 1 change detected
2026-04-09 16:37:27,244 | INFO | 1 change detected
2026-04-09 16:37:27,648 | INFO | 1 change detected
2026-04-09 16:37:28,053 | INFO | 1 change detected
2026-04-09 16:37:28,459 | INFO | 1 change detected
2026-04-09 16:37:28,863 | INFO | 1 change detected
2026-04-09 16:37:29,268 | INFO | 1 change detected
2026-04-09 16:37:29,674 | INFO | 1 change detected
2026-04-09 16:37:30,079 | INFO | 1 change detected
2026-04-09 16:37:30,438 | INFO | 1 change detected
2026-04-09 16:37:30,847 | INFO | 1 change detected
2026-04-09 16:37:31,252 | INFO | 1 change detected
2026-04-09 16:37:31,656 | INFO | 1 change detected
2026-04-09 16:37:32,064 | INFO | 1 change detected
2026-04-09 16:37:32,472 | INFO | 1 change detected
2026-04-09 16:37:32,877 | INFO | 1 change detected
2026-04-09 16:37:33,285 | INFO | 1 change detected
2026-04-09 16:37:33,692 | INFO | 1 change detected
2026-04-09 16:37:34,102 | INFO | 1 change detected
2026-04-09 16:37:34,508 | INFO | 1 change detected
2026-04-09 16:37:34,924 | INFO | 1 change detected
2026-04-09 16:37:35,331 | INFO | 1 change detected
2026-04-09 16:37:35,742 | INFO | 1 change detected
2026-04-09 16:37:36,144 | INFO | 1 change detected
2026-04-09 16:37:36,547 | INFO | 1 change detected
2026-04-09 16:37:36,954 | INFO | 1 change detected
2026-04-09 16:37:37,362 | INFO | 1 change detected
2026-04-09 16:37:37,771 | INFO | 1 change detected
2026-04-09 16:37:38,130 | INFO | 1 change detected
2026-04-09 16:37:38,540 | INFO | 1 change detected
2026-04-09 16:37:38,946 | INFO | 1 change detected
2026-04-09 16:37:39,351 | INFO | 1 change detected
2026-04-09 16:37:39,753 | INFO | 1 change detected
2026-04-09 16:37:40,157 | INFO | 1 change detected
2026-04-09 16:37:40,562 | INFO | 1 change detected
2026-04-09 16:37:40,968 | INFO | 1 change detected
2026-04-09 16:37:41,372 | INFO | 1 change detected
2026-04-09 16:37:41,776 | INFO | 1 change detected
2026-04-09 16:37:42,185 | INFO | 1 change detected
2026-04-09 16:37:42,591 | INFO | 1 change detected
2026-04-09 16:37:42,993 | INFO | 1 change detected
2026-04-09 16:37:43,397 | INFO | 1 change detected
2026-04-09 16:37:43,802 | INFO | 1 change detected
2026-04-09 16:37:44,206 | INFO | 1 change detected
2026-04-09 16:37:44,613 | INFO | 1 change detected
2026-04-09 16:37:45,018 | INFO | 1 change detected
2026-04-09 16:37:45,425 | INFO | 1 change detected
2026-04-09 16:37:45,830 | INFO | 1 change detected
2026-04-09 16:37:46,239 | INFO | 1 change detected
2026-04-09 16:37:46,645 | INFO | 1 change detected
2026-04-09 16:37:47,051 | INFO | 1 change detected
2026-04-09 16:37:47,456 | INFO | 1 change detected
2026-04-09 16:37:47,861 | INFO | 1 change detected
2026-04-09 16:37:48,268 | INFO | 1 change detected
2026-04-09 16:37:48,677 | INFO | 1 change detected
2026-04-09 16:37:49,085 | INFO | 1 change detected
2026-04-09 16:37:49,488 | INFO | 1 change detected
2026-04-09 16:37:49,892 | INFO | 1 change detected
2026-04-09 16:37:50,297 | INFO | 1 change detected
2026-04-09 16:37:50,702 | INFO | 1 change detected
2026-04-09 16:37:51,110 | INFO | 1 change detected
2026-04-09 16:37:51,516 | INFO | 1 change detected
2026-04-09 16:37:51,923 | INFO | 1 change detected
2026-04-09 16:37:52,328 | INFO | 1 change detected
2026-04-09 16:37:52,732 | INFO | 1 change detected
2026-04-09 16:37:53,088 | INFO | 1 change detected
2026-04-09 16:37:53,498 | INFO | 1 change detected
2026-04-09 16:37:53,902 | INFO | 1 change detected
2026-04-09 16:37:54,308 | INFO | 1 change detected
2026-04-09 16:37:54,717 | INFO | 1 change detected
2026-04-09 16:37:55,125 | INFO | 1 change detected
2026-04-09 16:37:55,528 | INFO | 1 change detected
2026-04-09 16:37:55,934 | INFO | 1 change detected
2026-04-09 16:37:56,341 | INFO | 1 change detected
2026-04-09 16:37:56,747 | INFO | 1 change detected
2026-04-09 16:37:57,154 | INFO | 1 change detected
2026-04-09 16:37:57,561 | INFO | 1 change detected
2026-04-09 16:37:57,963 | INFO | 1 change detected
2026-04-09 16:37:58,368 | INFO | 1 change detected
2026-04-09 16:37:58,771 | INFO | 1 change detected
2026-04-09 16:37:59,176 | INFO | 1 change detected
2026-04-09 16:37:59,581 | INFO | 1 change detected
2026-04-09 16:37:59,987 | INFO | 1 change detected
2026-04-09 16:38:00,393 | INFO | 1 change detected
2026-04-09 16:38:00,801 | INFO | 1 change detected
2026-04-09 16:38:01,206 | INFO | 1 change detected
2026-04-09 16:38:01,613 | INFO | 1 change detected
2026-04-09 16:38:02,015 | INFO | 1 change detected
2026-04-09 16:38:02,424 | INFO | 1 change detected
2026-04-09 16:38:02,830 | INFO | 1 change detected
2026-04-09 16:38:03,235 | INFO | 1 change detected
2026-04-09 16:38:03,645 | INFO | 1 change detected
2026-04-09 16:38:04,010 | INFO | 1 change detected
2026-04-09 16:38:04,823 | INFO | 1 change detected
2026-04-09 16:38:06,292 | INFO | 1 change detected
2026-04-09 16:38:06,657 | INFO | 1 change detected
2026-04-09 16:38:07,017 | INFO | 1 change detected
2026-04-09 16:38:07,427 | INFO | 1 change detected
2026-04-09 16:38:07,835 | INFO | 1 change detected
2026-04-09 16:38:08,240 | INFO | 1 change detected
2026-04-09 16:38:08,651 | INFO | 1 change detected
2026-04-09 16:38:09,056 | INFO | 1 change detected
2026-04-09 16:38:09,465 | INFO | 1 change detected
2026-04-09 16:38:09,875 | INFO | 1 change detected
2026-04-09 16:38:10,483 | INFO | 1 change detected
2026-04-09 16:38:10,839 | INFO | 1 change detected
2026-04-09 16:38:11,250 | INFO | 1 change detected
2026-04-09 16:38:11,655 | INFO | 1 change detected
2026-04-09 16:38:12,072 | INFO | 1 change detected
2026-04-09 16:38:12,930 | INFO | 1 change detected
2026-04-09 16:38:13,284 | INFO | 1 change detected
2026-04-09 16:38:13,644 | INFO | 1 change detected
2026-04-09 16:38:14,053 | INFO | 1 change detected
2026-04-09 16:38:14,459 | INFO | 1 change detected
2026-04-09 16:38:14,864 | INFO | 1 change detected
2026-04-09 16:38:15,270 | INFO | 1 change detected
2026-04-09 16:38:15,625 | INFO | 1 change detected
2026-04-09 16:38:15,984 | INFO | 1 change detected
2026-04-09 16:38:16,344 | INFO | 1 change detected
2026-04-09 16:38:16,702 | INFO | 1 change detected
2026-04-09 16:38:17,059 | INFO | 1 change detected
2026-04-09 16:38:17,416 | INFO | 1 change detected
2026-04-09 16:38:17,773 | INFO | 1 change detected
2026-04-09 16:38:18,180 | INFO | 1 change detected
2026-04-09 16:38:18,587 | INFO | 1 change detected
2026-04-09 16:38:19,043 | INFO | 1 change detected
2026-04-09 16:38:19,447 | INFO | 1 change detected
2026-04-09 16:38:19,851 | INFO | 1 change detected
2026-04-09 16:38:20,256 | INFO | 1 change detected
2026-04-09 16:38:20,663 | INFO | 1 change detected
2026-04-09 16:38:21,070 | INFO | 1 change detected
2026-04-09 16:38:21,474 | INFO | 1 change detected
2026-04-09 16:38:21,881 | INFO | 1 change detected
2026-04-09 16:38:22,287 | INFO | 1 change detected
2026-04-09 16:38:22,688 | INFO | 1 change detected
2026-04-09 16:38:23,094 | INFO | 1 change detected
2026-04-09 16:38:23,495 | INFO | 1 change detected
2026-04-09 16:38:23,898 | INFO | 1 change detected
2026-04-09 16:38:24,303 | INFO | 1 change detected
2026-04-09 16:38:24,708 | INFO | 1 change detected
2026-04-09 16:38:25,316 | INFO | 1 change detected
2026-04-09 16:38:25,672 | INFO | 1 change detected
2026-04-09 16:38:26,081 | INFO | 1 change detected
2026-04-09 16:38:27,445 | INFO | 1 change detected
2026-04-09 16:38:27,802 | INFO | 1 change detected
2026-04-09 16:38:28,166 | INFO | 1 change detected
2026-04-09 16:38:28,532 | INFO | 1 change detected
2026-04-09 16:38:28,940 | INFO | 1 change detected
2026-04-09 16:38:29,342 | INFO | 2 changes detected
2026-04-09 16:42:36,932 | INFO | Starting StatsAI Unified UI Frontend on port 8080...
2026-04-09 16:42:40,357 | INFO | Starting StatsAI Unified UI Frontend on port 8080...
2026-04-09 16:42:40,436 | INFO | 1 change detected
2026-04-09 16:42:40,790 | INFO | 1 change detected
2026-04-09 16:42:41,199 | INFO | 1 change detected
2026-04-09 16:42:41,602 | INFO | 1 change detected
2026-04-09 16:42:42,008 | INFO | 1 change detected
2026-04-09 16:42:42,364 | INFO | 1 change detected
2026-04-09 16:42:42,771 | INFO | 1 change detected
2026-04-09 16:42:43,176 | INFO | 1 change detected
2026-04-09 16:42:43,583 | INFO | 1 change detected
2026-04-09 16:42:43,988 | INFO | 1 change detected
2026-04-09 16:42:44,393 | INFO | 1 change detected
2026-04-09 16:42:44,799 | INFO | 1 change detected
2026-04-09 16:42:45,204 | INFO | 1 change detected
2026-04-09 16:42:45,614 | INFO | 1 change detected
2026-04-09 16:42:46,018 | INFO | 1 change detected
2026-04-09 16:42:46,423 | INFO | 1 change detected
2026-04-09 16:42:46,829 | INFO | 1 change detected
2026-04-09 16:42:47,236 | INFO | 1 change detected
2026-04-09 16:42:47,641 | INFO | 1 change detected
2026-04-09 16:42:48,048 | INFO | 1 change detected
2026-04-09 16:42:48,452 | INFO | 1 change detected
2026-04-09 16:42:48,856 | INFO | 1 change detected
2026-04-09 16:42:49,262 | INFO | 1 change detected
2026-04-09 16:42:49,666 | INFO | 1 change detected
2026-04-09 16:42:50,070 | INFO | 1 change detected
2026-04-09 16:42:50,478 | INFO | 1 change detected
2026-04-09 16:42:50,883 | INFO | 1 change detected
2026-04-09 16:42:51,287 | INFO | 1 change detected
2026-04-09 16:42:51,691 | INFO | 1 change detected
2026-04-09 16:42:52,098 | INFO | 1 change detected
2026-04-09 16:42:52,453 | INFO | 1 change detected
2026-04-09 16:44:21,823 | INFO | 1 change detected
2026-04-09 16:45:50,592 | INFO | 1 change detected
2026-04-09 16:47:12,618 | INFO | Starting StatsAI Unified UI Frontend on port 8080...
2026-04-09 16:47:16,988 | INFO | Starting StatsAI Unified UI Frontend on port 8080...
2026-04-09 16:47:17,073 | INFO | 1 change detected
2026-04-09 16:47:17,432 | INFO | 1 change detected
2026-04-09 16:47:17,839 | INFO | 1 change detected
2026-04-09 16:47:18,245 | INFO | 1 change detected
2026-04-09 16:47:18,599 | INFO | 1 change detected
2026-04-09 16:47:19,061 | INFO | 1 change detected
2026-04-09 16:47:19,417 | INFO | 1 change detected
2026-04-09 16:47:19,778 | INFO | 1 change detected
2026-04-09 16:47:20,137 | INFO | 1 change detected
2026-04-09 16:47:20,498 | INFO | 1 change detected
2026-04-09 16:47:20,855 | INFO | 1 change detected
2026-04-09 16:47:21,213 | INFO | 1 change detected
2026-04-09 16:47:21,623 | INFO | 1 change detected
2026-04-09 16:47:22,030 | INFO | 1 change detected
2026-04-09 16:47:22,434 | INFO | 1 change detected
2026-04-09 16:47:22,841 | INFO | 1 change detected
2026-04-09 16:47:23,243 | INFO | 1 change detected
2026-04-09 16:47:23,650 | INFO | 1 change detected
2026-04-09 16:47:24,107 | INFO | 1 change detected
2026-04-09 16:47:24,524 | INFO | 1 change detected
2026-04-09 16:47:24,931 | INFO | 1 change detected
2026-04-09 16:47:25,336 | INFO | 1 change detected
2026-04-09 16:47:25,742 | INFO | 1 change detected
2026-04-09 16:47:26,148 | INFO | 1 change detected
2026-04-09 16:47:26,554 | INFO | 1 change detected
2026-04-09 16:47:26,961 | INFO | 1 change detected
2026-04-09 16:47:27,364 | INFO | 1 change detected
2026-04-09 16:47:27,771 | INFO | 1 change detected
2026-04-09 16:47:28,177 | INFO | 1 change detected
2026-04-09 16:47:28,581 | INFO | 1 change detected
2026-04-09 16:47:28,989 | INFO | 1 change detected
2026-04-09 16:47:29,395 | INFO | 1 change detected
2026-04-09 16:47:29,800 | INFO | 1 change detected
2026-04-09 16:47:30,155 | INFO | 1 change detected
2026-04-09 16:47:30,514 | INFO | 1 change detected
2026-04-09 16:47:30,872 | INFO | 1 change detected
2026-04-09 16:47:31,228 | INFO | 1 change detected
2026-04-09 16:47:31,587 | INFO | 1 change detected
2026-04-09 16:47:31,950 | INFO | 1 change detected
2026-04-09 16:47:32,309 | INFO | 1 change detected
2026-04-09 16:47:32,720 | INFO | 1 change detected
2026-04-09 16:47:33,129 | INFO | 1 change detected
2026-04-09 16:47:33,585 | INFO | 1 change detected
2026-04-09 16:47:33,988 | INFO | 1 change detected
2026-04-09 16:47:34,394 | INFO | 1 change detected
2026-04-09 16:47:34,800 | INFO | 1 change detected
2026-04-09 16:47:35,208 | INFO | 1 change detected
2026-04-09 16:47:35,614 | INFO | 1 change detected
2026-04-09 16:47:36,019 | INFO | 1 change detected
2026-04-09 16:47:37,029 | INFO | 1 change detected
2026-04-09 16:47:37,387 | INFO | 1 change detected
2026-04-09 16:47:37,746 | INFO | 1 change detected
2026-04-09 16:47:38,153 | INFO | 1 change detected
2026-04-09 16:47:38,562 | INFO | 1 change detected
2026-04-09 16:47:38,967 | INFO | 1 change detected
2026-04-09 16:47:39,375 | INFO | 1 change detected
2026-04-09 16:47:39,779 | INFO | 1 change detected
2026-04-09 16:47:40,288 | INFO | 1 change detected
2026-04-09 16:47:40,701 | INFO | 1 change detected
2026-04-09 16:47:41,103 | INFO | 1 change detected
2026-04-09 16:47:41,710 | INFO | 1 change detected
2026-04-09 16:47:42,068 | INFO | 1 change detected
2026-04-09 16:47:42,427 | INFO | 1 change detected
2026-04-09 16:47:42,840 | INFO | 1 change detected
2026-04-09 16:47:43,248 | INFO | 1 change detected
2026-04-09 16:47:43,654 | INFO | 1 change detected
2026-04-09 16:47:44,060 | INFO | 1 change detected
2026-04-09 16:47:44,465 | INFO | 1 change detected
2026-04-09 16:47:44,873 | INFO | 1 change detected
2026-04-09 16:47:45,238 | INFO | 1 change detected
2026-04-09 16:47:45,647 | INFO | 1 change detected
2026-04-09 16:47:46,050 | INFO | 1 change detected
2026-04-09 16:47:46,457 | INFO | 1 change detected
2026-04-09 16:47:46,866 | INFO | 1 change detected
2026-04-09 16:47:47,274 | INFO | 1 change detected
2026-04-09 16:47:47,682 | INFO | 1 change detected
2026-04-09 16:47:48,088 | INFO | 1 change detected
2026-04-09 16:47:48,492 | INFO | 1 change detected
2026-04-09 16:47:48,900 | INFO | 1 change detected
2026-04-09 16:47:49,307 | INFO | 1 change detected
2026-04-09 16:47:49,713 | INFO | 1 change detected
2026-04-09 16:47:50,116 | INFO | 1 change detected
2026-04-09 16:47:50,519 | INFO | 1 change detected
2026-04-09 16:47:51,025 | INFO | 1 change detected
2026-04-09 16:47:51,390 | INFO | 1 change detected
2026-04-09 16:47:51,800 | INFO | 1 change detected
2026-04-09 16:47:52,205 | INFO | 1 change detected
2026-04-09 16:47:52,613 | INFO | 1 change detected
2026-04-09 16:47:53,021 | INFO | 1 change detected
2026-04-09 16:47:53,426 | INFO | 1 change detected
2026-04-09 16:47:53,932 | INFO | 1 change detected
2026-04-09 16:47:54,295 | INFO | 1 change detected
2026-04-09 16:47:55,209 | INFO | 1 change detected
2026-04-09 16:47:55,576 | INFO | 1 change detected
2026-04-09 16:47:55,985 | INFO | 1 change detected
2026-04-09 16:47:56,392 | INFO | 1 change detected
2026-04-09 16:47:56,797 | INFO | 1 change detected
2026-04-09 16:47:57,204 | INFO | 1 change detected
2026-04-09 16:47:57,609 | INFO | 1 change detected
2026-04-09 16:47:58,013 | INFO | 1 change detected
2026-04-09 16:47:58,417 | INFO | 1 change detected
2026-04-09 16:47:58,822 | INFO | 1 change detected
2026-04-09 16:47:59,225 | INFO | 1 change detected
2026-04-09 16:47:59,633 | INFO | 1 change detected
2026-04-09 16:48:00,039 | INFO | 1 change detected
2026-04-09 16:48:00,445 | INFO | 1 change detected
2026-04-09 16:48:00,852 | INFO | 1 change detected
2026-04-09 16:48:01,256 | INFO | 1 change detected
2026-04-09 16:48:01,661 | INFO | 1 change detected
2026-04-09 16:48:02,317 | INFO | 1 change detected
2026-04-09 16:48:02,670 | INFO | 1 change detected
2026-04-09 16:48:03,079 | INFO | 1 change detected
2026-04-09 16:48:03,436 | INFO | 1 change detected
2026-04-09 16:48:03,846 | INFO | 1 change detected
2026-04-09 16:48:04,302 | INFO | 1 change detected
2026-04-09 16:48:04,718 | INFO | 1 change detected
2026-04-09 16:48:05,125 | INFO | 1 change detected
2026-04-09 16:48:05,532 | INFO | 1 change detected
2026-04-09 16:48:05,942 | INFO | 1 change detected
2026-04-09 16:48:06,348 | INFO | 1 change detected
2026-04-09 16:48:06,751 | INFO | 1 change detected
2026-04-09 16:48:07,154 | INFO | 1 change detected
2026-04-09 16:48:07,510 | INFO | 1 change detected
2026-04-09 16:48:09,483 | INFO | 1 change detected
2026-04-09 16:48:09,837 | INFO | 1 change detected
2026-04-09 16:48:10,200 | INFO | 1 change detected
2026-04-09 16:48:10,606 | INFO | 1 change detected
2026-04-09 16:48:11,014 | INFO | 1 change detected
2026-04-09 16:48:11,421 | INFO | 1 change detected
2026-04-09 16:48:11,836 | INFO | 1 change detected
2026-04-09 16:48:12,241 | INFO | 1 change detected
2026-04-09 16:48:12,646 | INFO | 1 change detected
2026-04-09 16:48:13,051 | INFO | 1 change detected
2026-04-09 16:48:13,457 | INFO | 1 change detected
2026-04-09 16:48:13,860 | INFO | 1 change detected
2026-04-09 16:48:14,266 | INFO | 1 change detected
2026-04-09 16:48:14,824 | INFO | 1 change detected
2026-04-09 16:48:15,183 | INFO | 1 change detected
2026-04-09 16:48:15,593 | INFO | 1 change detected
2026-04-09 16:48:16,000 | INFO | 1 change detected
2026-04-09 16:48:17,363 | INFO | 1 change detected
2026-04-09 16:48:17,722 | INFO | 1 change detected
2026-04-09 16:48:18,132 | INFO | 1 change detected
2026-04-09 16:48:18,540 | INFO | 1 change detected
2026-04-09 16:48:18,944 | INFO | 1 change detected
2026-04-09 16:48:19,348 | INFO | 1 change detected
2026-04-09 16:48:19,753 | INFO | 1 change detected
2026-04-09 16:48:20,162 | INFO | 1 change detected
2026-04-09 16:48:20,564 | INFO | 1 change detected
2026-04-09 16:48:20,970 | INFO | 1 change detected
2026-04-09 16:48:21,374 | INFO | 1 change detected
2026-04-09 16:48:21,780 | INFO | 1 change detected
2026-04-09 16:48:22,188 | INFO | 1 change detected
2026-04-09 16:48:22,592 | INFO | 1 change detected
2026-04-09 16:48:22,999 | INFO | 1 change detected
2026-04-09 16:48:23,408 | INFO | 1 change detected
2026-04-09 16:48:23,815 | INFO | 1 change detected
2026-04-09 16:48:24,221 | INFO | 1 change detected
2026-04-09 16:48:24,629 | INFO | 1 change detected
2026-04-09 16:48:25,036 | INFO | 1 change detected
2026-04-09 16:48:25,440 | INFO | 1 change detected
2026-04-09 16:48:25,848 | INFO | 1 change detected
2026-04-09 16:48:26,251 | INFO | 1 change detected
2026-04-09 16:48:26,655 | INFO | 1 change detected
2026-04-09 16:48:27,412 | INFO | 1 change detected
2026-04-09 16:48:27,772 | INFO | 1 change detected
2026-04-09 16:48:28,181 | INFO | 1 change detected
2026-04-09 16:48:28,537 | INFO | 1 change detected
2026-04-09 16:48:28,946 | INFO | 1 change detected
2026-04-09 16:48:29,351 | INFO | 1 change detected
2026-04-09 16:48:29,754 | INFO | 1 change detected
2026-04-09 16:48:30,159 | INFO | 1 change detected
2026-04-09 16:48:30,564 | INFO | 1 change detected
2026-04-09 16:48:30,969 | INFO | 1 change detected
2026-04-09 16:48:31,376 | INFO | 1 change detected
2026-04-09 16:48:31,782 | INFO | 1 change detected
2026-04-09 16:48:32,185 | INFO | 1 change detected
2026-04-09 16:48:32,591 | INFO | 1 change detected
2026-04-09 16:48:32,997 | INFO | 1 change detected
2026-04-09 16:48:33,405 | INFO | 1 change detected
2026-04-09 16:48:33,815 | INFO | 1 change detected
2026-04-09 16:48:34,220 | INFO | 1 change detected
2026-04-09 16:48:34,627 | INFO | 1 change detected
2026-04-09 16:48:34,703 | INFO | Starting StatsAI Unified UI Frontend on port 8080...
2026-04-09 16:48:34,983 | INFO | 1 change detected
2026-04-09 16:48:35,177 | INFO | 1 change detected
2026-04-09 16:48:35,341 | INFO | 1 change detected
2026-04-09 16:48:35,580 | INFO | 1 change detected
2026-04-09 16:48:35,699 | INFO | 1 change detected
2026-04-09 16:48:35,987 | INFO | 1 change detected
2026-04-09 16:48:36,060 | INFO | 1 change detected
2026-04-09 16:48:36,393 | INFO | 1 change detected
2026-04-09 16:48:36,421 | INFO | 1 change detected
2026-04-09 16:48:36,777 | INFO | 1 change detected
2026-04-09 16:48:36,797 | INFO | 1 change detected
2026-04-09 16:48:37,187 | INFO | 1 change detected
2026-04-09 16:48:37,203 | INFO | 1 change detected
2026-04-09 16:48:37,590 | INFO | 1 change detected
2026-04-09 16:48:37,605 | INFO | 1 change detected
2026-04-09 16:48:37,997 | INFO | 1 change detected
2026-04-09 16:48:38,014 | INFO | 1 change detected
2026-04-09 16:48:38,404 | INFO | 1 change detected
2026-04-09 16:48:38,420 | INFO | 1 change detected
2026-04-09 16:48:38,774 | INFO | 1 change detected
2026-04-09 16:48:38,809 | INFO | 1 change detected
2026-04-09 16:48:39,013 | INFO | Starting StatsAI Unified UI Frontend on port 8080...
2026-04-09 16:48:39,131 | INFO | 1 change detected
2026-04-09 16:48:39,161 | INFO | 1 change detected
2026-04-09 16:48:39,489 | INFO | 1 change detected
2026-04-09 16:48:39,621 | INFO | 1 change detected
2026-04-09 16:48:39,847 | INFO | 1 change detected
2026-04-09 16:48:40,038 | INFO | 1 change detected
2026-04-09 16:48:40,205 | INFO | 1 change detected
2026-04-09 16:48:40,445 | INFO | 1 change detected
2026-04-09 16:48:40,567 | INFO | 1 change detected
2026-04-09 16:48:40,853 | INFO | 1 change detected
2026-04-09 16:48:40,926 | INFO | 1 change detected
2026-04-09 16:48:41,260 | INFO | 1 change detected
2026-04-09 16:48:41,287 | INFO | 1 change detected
2026-04-09 16:48:42,051 | INFO | 1 change detected
2026-04-09 16:48:42,070 | INFO | 1 change detected
2026-04-09 16:48:42,403 | INFO | 1 change detected
2026-04-09 16:48:42,435 | INFO | 1 change detected
2026-04-09 16:48:43,298 | INFO | 1 change detected
2026-04-09 16:48:43,317 | INFO | 1 change detected
2026-04-09 16:48:43,651 | INFO | 1 change detected
2026-04-09 16:48:43,681 | INFO | 1 change detected
2026-04-09 16:48:44,038 | INFO | 1 change detected
2026-04-09 16:48:44,057 | INFO | 1 change detected
2026-04-09 16:48:44,448 | INFO | 1 change detected
2026-04-09 16:48:44,464 | INFO | 1 change detected
2026-04-09 16:48:44,858 | INFO | 1 change detected
2026-04-09 16:48:44,875 | INFO | 1 change detected
2026-04-09 16:48:45,670 | INFO | 1 change detected
2026-04-09 16:48:45,686 | INFO | 1 change detected
2026-04-09 16:48:46,026 | INFO | 1 change detected
2026-04-09 16:48:46,042 | INFO | 1 change detected
2026-04-09 16:48:46,401 | INFO | 1 change detected
2026-04-09 16:48:46,436 | INFO | 1 change detected
2026-04-09 16:48:46,811 | INFO | 1 change detected
2026-04-09 16:48:46,842 | INFO | 1 change detected
2026-04-09 16:48:47,219 | INFO | 1 change detected
2026-04-09 16:48:47,249 | INFO | 1 change detected
2026-04-09 16:48:47,625 | INFO | 1 change detected
2026-04-09 16:48:47,658 | INFO | 1 change detected
2026-04-09 16:48:48,036 | INFO | 1 change detected
2026-04-09 16:48:48,066 | INFO | 1 change detected
2026-04-09 16:48:48,438 | INFO | 1 change detected
2026-04-09 16:48:48,469 | INFO | 1 change detected
2026-04-09 16:48:48,841 | INFO | 1 change detected
2026-04-09 16:48:48,873 | INFO | 1 change detected
2026-04-09 16:48:49,248 | INFO | 1 change detected
2026-04-09 16:48:49,277 | INFO | 1 change detected
2026-04-09 16:48:49,651 | INFO | 1 change detected
2026-04-09 16:48:49,682 | INFO | 1 change detected
2026-04-09 16:48:50,055 | INFO | 1 change detected
2026-04-09 16:48:50,086 | INFO | 1 change detected
2026-04-09 16:48:50,462 | INFO | 1 change detected
2026-04-09 16:48:50,493 | INFO | 1 change detected
2026-04-09 16:48:50,867 | INFO | 1 change detected
2026-04-09 16:48:50,898 | INFO | 1 change detected
2026-04-09 16:48:51,272 | INFO | 1 change detected
2026-04-09 16:48:51,303 | INFO | 1 change detected
2026-04-09 16:48:51,679 | INFO | 1 change detected
2026-04-09 16:48:51,710 | INFO | 1 change detected
2026-04-09 16:48:52,083 | INFO | 1 change detected
2026-04-09 16:48:52,115 | INFO | 1 change detected
2026-04-09 16:48:52,488 | INFO | 1 change detected
2026-04-09 16:48:52,519 | INFO | 1 change detected
2026-04-09 16:48:52,892 | INFO | 1 change detected
2026-04-09 16:48:52,923 | INFO | 1 change detected
2026-04-09 16:48:53,297 | INFO | 1 change detected
2026-04-09 16:48:53,328 | INFO | 1 change detected
2026-04-09 16:48:53,703 | INFO | 1 change detected
2026-04-09 16:48:53,734 | INFO | 1 change detected
2026-04-09 16:48:54,108 | INFO | 1 change detected
2026-04-09 16:48:54,140 | INFO | 1 change detected
2026-04-09 16:48:54,515 | INFO | 1 change detected
2026-04-09 16:48:54,548 | INFO | 1 change detected
2026-04-09 16:48:54,922 | INFO | 1 change detected
2026-04-09 16:48:54,954 | INFO | 1 change detected
2026-04-09 16:48:55,329 | INFO | 1 change detected
2026-04-09 16:48:55,360 | INFO | 1 change detected
2026-04-09 16:48:55,685 | INFO | 1 change detected
2026-04-09 16:48:56,777 | INFO | 1 change detected
2026-04-09 16:48:56,801 | INFO | 1 change detected
2026-04-09 16:48:57,368 | INFO | 1 change detected
2026-04-09 16:48:57,388 | INFO | 1 change detected
2026-04-09 16:48:57,874 | INFO | 1 change detected
2026-04-09 16:48:57,906 | INFO | 1 change detected
2026-04-09 16:48:58,242 | INFO | 1 change detected
2026-04-09 16:48:58,272 | INFO | 1 change detected
2026-04-09 16:48:58,630 | INFO | 1 change detected
2026-04-09 16:48:58,650 | INFO | 1 change detected
2026-04-09 16:48:59,039 | INFO | 1 change detected
2026-04-09 16:48:59,055 | INFO | 1 change detected
2026-04-09 16:48:59,441 | INFO | 1 change detected
2026-04-09 16:48:59,457 | INFO | 1 change detected
2026-04-09 16:48:59,846 | INFO | 1 change detected
2026-04-09 16:48:59,861 | INFO | 1 change detected
2026-04-09 16:49:00,250 | INFO | 1 change detected
2026-04-09 16:49:00,265 | INFO | 1 change detected
2026-04-09 19:48:58,537 | INFO | 1 change detected
2026-04-09 19:48:58,554 | INFO | 1 change detected
2026-04-09 19:48:58,931 | INFO | 1 change detected
2026-04-09 19:48:59,536 | INFO | 1 change detected
2026-04-09 19:48:59,571 | INFO | 1 change detected
2026-04-09 19:49:00,791 | INFO | 1 change detected
2026-04-09 19:49:00,795 | INFO | 1 change detected
2026-04-09 19:49:01,157 | INFO | 1 change detected
2026-04-09 19:49:01,515 | INFO | 1 change detected
2026-04-09 19:49:01,515 | INFO | 1 change detected
2026-04-09 19:49:01,923 | INFO | 1 change detected
2026-04-09 19:49:01,923 | INFO | 1 change detected
2026-04-09 19:49:02,328 | INFO | 1 change detected
2026-04-09 19:49:02,732 | INFO | 1 change detected
2026-04-09 19:49:02,732 | INFO | 1 change detected
2026-04-09 19:49:03,137 | INFO | 1 change detected
2026-04-09 19:49:03,137 | INFO | 1 change detected
2026-04-09 21:58:22,278 | INFO | 1 change detected
2026-04-09 21:58:22,279 | INFO | 1 change detected
2026-04-09 21:58:22,683 | INFO | 1 change detected
2026-04-09 21:58:22,684 | INFO | 1 change detected
2026-04-09 21:58:27,381 | INFO | 1 change detected
2026-04-09 21:58:27,431 | INFO | 1 change detected
2026-04-09 21:58:28,503 | INFO | 1 change detected
2026-04-09 21:58:28,504 | INFO | 1 change detected
2026-04-09 21:58:30,563 | INFO | 1 change detected
2026-04-09 21:58:31,222 | INFO | 1 change detected
2026-04-09 21:58:31,223 | INFO | 1 change detected
2026-04-09 21:58:31,585 | INFO | 1 change detected
2026-04-09 21:58:31,944 | INFO | 1 change detected
2026-04-09 21:58:32,370 | INFO | 1 change detected
2026-04-09 21:58:32,371 | INFO | 1 change detected
2026-04-09 21:58:35,922 | INFO | 1 change detected
2026-04-09 21:58:35,922 | INFO | 1 change detected
2026-04-09 21:58:36,339 | INFO | 1 change detected
2026-04-09 21:58:36,339 | INFO | 1 change detected
2026-04-09 21:58:36,746 | INFO | 1 change detected
2026-04-09 21:58:37,165 | INFO | 1 change detected
2026-04-09 21:58:37,166 | INFO | 1 change detected
2026-04-09 21:58:37,554 | INFO | 1 change detected
2026-04-09 21:58:37,554 | INFO | 1 change detected
2026-04-09 21:58:37,946 | INFO | 1 change detected
2026-04-09 21:58:37,946 | INFO | 1 change detected
2026-04-09 21:58:38,304 | INFO | 1 change detected
2026-04-09 21:58:38,304 | INFO | 1 change detected
2026-04-09 21:58:38,661 | INFO | 1 change detected
2026-04-09 21:58:39,069 | INFO | 1 change detected
2026-04-09 21:58:39,476 | INFO | 1 change detected
2026-04-09 21:58:39,476 | INFO | 1 change detected
2026-04-09 21:58:39,896 | INFO | 1 change detected
2026-04-09 21:58:40,322 | INFO | 1 change detected
2026-04-09 21:58:40,678 | INFO | 1 change detected
2026-04-09 21:58:41,044 | INFO | 1 change detected
2026-04-09 21:58:41,044 | INFO | 1 change detected
2026-04-09 21:58:41,408 | INFO | 1 change detected
2026-04-09 21:58:41,766 | INFO | 1 change detected
2026-04-09 21:58:41,766 | INFO | 1 change detected
2026-04-09 21:58:42,122 | INFO | 1 change detected
2026-04-09 21:58:42,123 | INFO | 1 change detected
2026-04-09 21:58:42,479 | INFO | 1 change detected
2026-04-09 21:58:43,087 | INFO | 1 change detected
2026-04-09 21:58:43,449 | INFO | 1 change detected
2026-04-09 21:58:43,449 | INFO | 1 change detected
2026-04-09 21:58:43,854 | INFO | 1 change detected
2026-04-09 21:58:44,258 | INFO | 1 change detected
2026-04-09 21:58:44,662 | INFO | 1 change detected
2026-04-09 21:58:45,065 | INFO | 1 change detected
2026-04-09 21:58:45,470 | INFO | 1 change detected
2026-04-09 21:58:45,876 | INFO | 1 change detected
2026-04-09 21:58:46,292 | INFO | 1 change detected
2026-04-09 21:58:46,699 | INFO | 1 change detected
2026-04-09 21:58:47,106 | INFO | 1 change detected
2026-04-09 21:58:47,471 | INFO | 1 change detected
2026-04-09 21:58:47,878 | INFO | 1 change detected
2026-04-09 21:58:48,281 | INFO | 1 change detected
2026-04-09 21:58:48,687 | INFO | 1 change detected
2026-04-09 21:58:49,090 | INFO | 1 change detected
2026-04-09 21:58:49,498 | INFO | 1 change detected
2026-04-09 21:58:49,903 | INFO | 1 change detected
2026-04-09 21:58:50,309 | INFO | 1 change detected
2026-04-09 21:58:50,725 | INFO | 1 change detected
2026-04-09 21:58:51,129 | INFO | 1 change detected
2026-04-09 21:58:51,534 | INFO | 1 change detected
2026-04-09 21:58:53,649 | INFO | 1 change detected
2026-04-09 21:58:53,649 | INFO | 1 change detected
2026-04-09 21:58:54,004 | INFO | 1 change detected
2026-04-09 21:58:54,414 | INFO | 1 change detected
2026-04-09 21:58:54,772 | INFO | 1 change detected
2026-04-09 21:58:55,234 | INFO | 1 change detected
2026-04-09 21:58:55,641 | INFO | 1 change detected
2026-04-09 21:58:56,046 | INFO | 1 change detected
2026-04-09 21:58:57,360 | INFO | 1 change detected
2026-04-09 21:58:57,360 | INFO | 1 change detected
2026-04-09 21:58:57,727 | INFO | 1 change detected
2026-04-09 21:58:57,727 | INFO | 1 change detected
2026-04-09 21:58:58,083 | INFO | 1 change detected
2026-04-09 21:58:58,439 | INFO | 1 change detected
2026-04-09 21:58:58,798 | INFO | 1 change detected
2026-04-09 21:58:59,208 | INFO | 1 change detected
2026-04-09 21:58:59,563 | INFO | 1 change detected
2026-04-09 21:58:59,969 | INFO | 1 change detected
2026-04-09 21:58:59,969 | INFO | 1 change detected
2026-04-09 21:59:00,377 | INFO | 1 change detected
2026-04-09 21:59:00,782 | INFO | 1 change detected
2026-04-09 21:59:01,190 | INFO | 1 change detected
2026-04-09 21:59:01,190 | INFO | 1 change detected
2026-04-09 21:59:01,748 | INFO | 1 change detected
2026-04-09 21:59:02,163 | INFO | 1 change detected
2026-04-09 21:59:02,572 | INFO | 1 change detected
2026-04-09 21:59:02,980 | INFO | 1 change detected
2026-04-09 21:59:03,386 | INFO | 1 change detected
2026-04-09 21:59:03,841 | INFO | 1 change detected
2026-04-09 21:59:03,841 | INFO | 1 change detected
2026-04-09 21:59:04,296 | INFO | 1 change detected
2026-04-09 21:59:04,297 | INFO | 1 change detected
2026-04-09 21:59:04,663 | INFO | 1 change detected
2026-04-09 21:59:05,069 | INFO | 1 change detected
2026-04-09 21:59:05,070 | INFO | 1 change detected
2026-04-09 21:59:05,475 | INFO | 1 change detected
2026-04-09 21:59:05,881 | INFO | 1 change detected
2026-04-09 21:59:06,488 | INFO | 1 change detected
2026-04-09 21:59:06,489 | INFO | 1 change detected
2026-04-09 21:59:06,898 | INFO | 1 change detected
2026-04-09 21:59:06,898 | INFO | 1 change detected
2026-04-09 21:59:07,302 | INFO | 1 change detected
2026-04-09 21:59:07,302 | INFO | 1 change detected
2026-04-09 21:59:07,708 | INFO | 1 change detected
2026-04-09 21:59:08,362 | INFO | 1 change detected
2026-04-09 21:59:08,729 | INFO | 1 change detected
2026-04-09 21:59:09,089 | INFO | 1 change detected
2026-04-09 21:59:09,497 | INFO | 1 change detected
2026-04-09 21:59:09,902 | INFO | 1 change detected
2026-04-09 21:59:10,306 | INFO | 1 change detected
2026-04-09 21:59:10,709 | INFO | 1 change detected
2026-04-09 21:59:11,110 | INFO | 1 change detected
2026-04-09 21:59:11,516 | INFO | 1 change detected
2026-04-09 21:59:11,920 | INFO | 1 change detected
2026-04-09 21:59:11,920 | INFO | 1 change detected
2026-04-09 21:59:12,324 | INFO | 1 change detected
2026-04-09 21:59:12,324 | INFO | 1 change detected
2026-04-09 21:59:12,728 | INFO | 1 change detected
2026-04-09 22:00:19,583 | INFO | Starting StatsAI Unified UI Frontend on port 8080...
2026-04-09 22:00:29,474 | INFO | Starting StatsAI Unified UI Frontend on port 8080...
2026-04-09 22:00:29,580 | INFO | 1 change detected
2026-04-09 22:00:29,938 | INFO | 1 change detected
2026-04-09 22:00:30,448 | INFO | 1 change detected
2026-04-09 22:00:30,812 | INFO | 1 change detected
2026-04-09 22:00:31,170 | INFO | 1 change detected
2026-04-09 22:00:31,526 | INFO | 1 change detected
2026-04-09 22:00:31,884 | INFO | 1 change detected
2026-04-09 22:00:32,242 | INFO | 1 change detected
2026-04-09 22:00:32,603 | INFO | 1 change detected
2026-04-09 22:00:33,363 | INFO | 1 change detected
2026-04-09 22:00:33,726 | INFO | 1 change detected
2026-04-09 22:00:34,135 | INFO | 1 change detected
2026-04-09 22:00:34,738 | INFO | 1 change detected
2026-04-09 22:00:35,091 | INFO | 1 change detected
2026-04-09 22:00:35,550 | INFO | 1 change detected
2026-04-09 22:00:36,066 | INFO | 1 change detected
2026-04-09 22:00:36,430 | INFO | 1 change detected
2026-04-09 22:00:36,788 | INFO | 1 change detected
2026-04-09 22:00:37,146 | INFO | 1 change detected
2026-04-09 22:00:44,018 | INFO | 1 change detected
2026-04-09 22:00:45,630 | INFO | 1 change detected
2026-04-09 22:00:45,989 | INFO | 1 change detected
2026-04-09 22:00:46,403 | INFO | 1 change detected
2026-04-09 22:00:46,809 | INFO | 1 change detected
2026-04-09 22:00:47,216 | INFO | 1 change detected
2026-04-09 22:00:47,619 | INFO | 1 change detected
2026-04-09 22:00:48,025 | INFO | 1 change detected
2026-04-09 22:00:48,434 | INFO | 1 change detected
2026-04-09 22:00:48,837 | INFO | 1 change detected
2026-04-09 22:00:49,291 | INFO | 1 change detected
2026-04-09 22:00:49,655 | INFO | 1 change detected
2026-04-09 22:00:50,065 | INFO | 1 change detected
2026-04-09 22:00:50,471 | INFO | 1 change detected
2026-04-09 22:00:51,027 | INFO | 1 change detected
2026-04-09 22:00:51,387 | INFO | 1 change detected
2026-04-09 22:00:51,797 | INFO | 1 change detected
2026-04-09 22:00:52,204 | INFO | 1 change detected
2026-04-09 22:00:52,610 | INFO | 1 change detected
2026-04-09 22:00:52,965 | INFO | 1 change detected
2026-04-09 22:00:53,321 | INFO | 1 change detected
2026-04-09 22:00:53,680 | INFO | 1 change detected
2026-04-09 22:00:54,040 | INFO | 1 change detected
2026-04-09 22:00:54,453 | INFO | 1 change detected
2026-04-09 22:00:54,860 | INFO | 1 change detected
2026-04-09 22:00:55,316 | INFO | 1 change detected
2026-04-09 22:00:56,083 | INFO | 1 change detected
2026-04-09 22:00:56,437 | INFO | 1 change detected
2026-04-09 22:00:56,796 | INFO | 1 change detected
2026-04-09 22:00:57,154 | INFO | 1 change detected
2026-04-09 22:00:57,512 | INFO | 1 change detected
2026-04-09 22:00:57,871 | INFO | 1 change detected
2026-04-09 22:00:58,230 | INFO | 1 change detected
2026-04-09 22:00:58,588 | INFO | 1 change detected
2026-04-09 22:00:59,050 | INFO | 1 change detected
2026-04-09 22:00:59,453 | INFO | 1 change detected
2026-04-09 22:00:59,857 | INFO | 1 change detected
2026-04-09 22:01:00,210 | INFO | 1 change detected
2026-04-09 22:01:00,568 | INFO | 1 change detected
2026-04-09 22:01:01,030 | INFO | 1 change detected
2026-04-09 22:01:01,395 | INFO | 1 change detected
2026-04-09 22:01:02,661 | INFO | 1 change detected
2026-04-09 22:01:03,017 | INFO | 1 change detected
2026-04-09 22:01:03,425 | INFO | 1 change detected
2026-04-09 22:01:03,830 | INFO | 1 change detected
2026-04-09 22:01:04,246 | INFO | 1 change detected
2026-04-09 22:01:04,654 | INFO | 1 change detected
2026-04-09 22:01:05,059 | INFO | 1 change detected
2026-04-09 22:01:05,466 | INFO | 1 change detected
2026-04-09 22:01:05,825 | INFO | 1 change detected
2026-04-09 22:01:06,232 | INFO | 1 change detected
2026-04-09 22:01:06,639 | INFO | 1 change detected
2026-04-09 22:01:07,093 | INFO | 1 change detected
2026-04-09 22:01:07,498 | INFO | 1 change detected
2026-04-09 22:01:08,305 | INFO | 1 change detected
2026-04-09 22:01:08,672 | INFO | 1 change detected
2026-04-09 22:01:09,082 | INFO | 1 change detected
2026-04-09 22:01:09,486 | INFO | 1 change detected
2026-04-09 22:01:09,888 | INFO | 1 change detected
2026-04-09 22:01:10,349 | INFO | 1 change detected
2026-04-09 22:01:10,816 | INFO | 1 change detected
2026-04-09 22:01:11,219 | INFO | 1 change detected
2026-04-09 22:01:11,624 | INFO | 1 change detected
2026-04-09 22:01:12,430 | INFO | 1 change detected
2026-04-09 22:01:13,155 | INFO | 1 change detected
2026-04-09 22:01:13,519 | INFO | 1 change detected
2026-04-09 22:01:13,929 | INFO | 1 change detected
2026-04-09 22:01:14,334 | INFO | 1 change detected
2026-04-09 22:01:14,737 | INFO | 1 change detected
2026-04-09 22:01:15,142 | INFO | 1 change detected
2026-04-09 22:01:15,549 | INFO | 1 change detected
2026-04-09 22:01:15,955 | INFO | 1 change detected
2026-04-09 22:01:16,361 | INFO | 1 change detected
2026-04-09 22:01:16,814 | INFO | 1 change detected
2026-04-09 22:01:17,232 | INFO | 1 change detected
2026-04-09 22:01:17,639 | INFO | 1 change detected
2026-04-09 22:01:18,046 | INFO | 1 change detected
2026-04-09 22:01:18,503 | INFO | 1 change detected
2026-04-09 22:01:18,918 | INFO | 1 change detected
2026-04-09 22:01:19,775 | INFO | 1 change detected
2026-04-09 22:01:20,131 | INFO | 1 change detected
2026-04-09 22:01:20,492 | INFO | 1 change detected
2026-04-09 22:01:20,901 | INFO | 1 change detected
2026-04-09 22:01:21,555 | INFO | 1 change detected
2026-04-09 22:01:21,957 | INFO | 1 change detected
2026-04-09 22:01:22,364 | INFO | 1 change detected
2026-04-09 22:01:22,771 | INFO | 1 change detected
2026-04-09 22:01:23,175 | INFO | 1 change detected
2026-04-09 22:01:23,581 | INFO | 1 change detected
2026-04-09 22:01:23,987 | INFO | 1 change detected
2026-04-09 22:01:24,393 | INFO | 1 change detected
2026-04-09 22:01:24,898 | INFO | 1 change detected
2026-04-09 22:01:25,262 | INFO | 1 change detected
2026-04-09 22:01:25,669 | INFO | 1 change detected
2026-04-09 22:01:26,075 | INFO | 1 change detected
2026-04-09 22:01:26,430 | INFO | 1 change detected
2026-04-09 22:01:26,791 | INFO | 1 change detected
2026-04-09 22:01:27,150 | INFO | 1 change detected
2026-04-09 22:01:27,509 | INFO | 1 change detected
2026-04-09 22:01:27,868 | INFO | 1 change detected
2026-04-09 22:01:28,224 | INFO | 1 change detected
2026-04-09 22:01:28,636 | INFO | 1 change detected
2026-04-09 22:01:29,041 | INFO | 1 change detected
2026-04-09 22:01:29,446 | INFO | 1 change detected
2026-04-09 22:01:29,855 | INFO | 1 change detected
2026-04-09 22:01:30,263 | INFO | 1 change detected
2026-04-09 22:01:30,823 | INFO | 1 change detected
2026-04-09 22:01:31,233 | INFO | 2 changes detected
2026-04-09 22:04:37,203 | INFO | Generating data for normal. Random check: 0.25600704253377204
2026-04-09 22:05:18,022 | INFO | Generating data for pie. Random check: 0.7063507840923464
2026-04-09 22:05:21,893 | INFO | Generating data for pie. Random check: 0.2789820600453502
2026-04-09 22:09:55,898 | INFO | Generating data for pie. Random check: 0.3099709924237818
2026-04-09 22:10:00,316 | INFO | Generating data for pie. Random check: 0.19350842685115754
2026-04-09 22:14:21,132 | INFO | Generating data for pie. Random check: 0.3104360477600052
2026-04-09 22:14:24,894 | INFO | Generating data for pie. Random check: 0.5132340069762378
2026-04-09 22:19:08,246 | INFO | Generating data for pie. Random check: 0.17433154583905308
2026-04-09 22:22:02,669 | INFO | Generating data for pie. Random check: 0.9817346177686501
2026-04-09 22:34:34,640 | INFO | Generating data for pie. Random check: 0.3619859481085792
2026-04-09 22:34:59,256 | INFO | Generating data for pie. Random check: 0.9150348229662831
2026-04-09 22:35:03,883 | INFO | Generating data for pie. Random check: 0.298635548511031
2026-04-09 22:38:42,356 | INFO | Starting StatsAI Unified UI Frontend on port 8080...
2026-04-09 22:40:29,530 | INFO | Generating data for pie. Random check: 0.9676918165366308
2026-04-09 22:40:35,051 | INFO | Generating data for pie. Random check: 0.5540043422914299
2026-04-09 22:40:43,435 | INFO | Generating data for pie. Random check: 0.33121405475161203
2026-04-09 22:41:25,018 | INFO | Generating data for normal. Random check: 0.7473616677096364
2026-04-09 22:42:15,843 | INFO | Generating data for normal. Random check: 0.3382696017164374
2026-04-09 22:42:25,962 | INFO | Generating data for normal. Random check: 0.08173032764105692
2026-04-09 22:45:25,658 | INFO | Generating data for trend. Random check: 0.5631987576493008
2026-04-09 22:45:29,013 | INFO | Generating data for trend. Random check: 0.5242974862581509
2026-04-09 22:45:32,258 | INFO | Generating data for pareto. Random check: 0.022591913937876074
2026-04-09 22:46:17,771 | INFO | Generating data for pie. Random check: 0.18681843149039912
2026-04-09 22:46:20,603 | INFO | Generating data for histogram. Random check: 0.1112812636858509
2026-04-09 22:46:22,073 | INFO | Generating data for histogram. Random check: 0.3591943231073632
2026-04-09 22:46:23,363 | INFO | Generating data for histogram. Random check: 0.1592631217535876
2026-04-09 22:46:40,342 | INFO | Generating data for pareto. Random check: 0.4686370802305784
2026-04-09 22:48:48,984 | INFO | Starting StatsAI Unified UI Frontend on port 8080...
2026-04-09 22:54:01,040 | INFO | Generating data for pie. Random check: 0.3612271612931055
2026-04-09 22:54:08,180 | INFO | Generating data for pie. Random check: 0.3399076992805645
2026-04-09 22:55:58,652 | INFO | Generating data for z. Random check: 0.040719807554515874
2026-04-09 22:56:00,799 | INFO | Generating data for z. Random check: 0.5666248697926782
2026-04-09 23:06:16,620 | INFO | Starting StatsAI Unified UI Frontend on port 8080...
2026-04-09 23:08:42,477 | INFO | Starting StatsAI Unified UI Frontend on port 8080...
2026-04-09 23:09:04,042 | INFO | Generating data for normal/gaussian. Random check: 0.003762735955840646
2026-04-09 23:10:48,570 | INFO | Starting StatsAI Unified UI Frontend on port 8080...
2026-04-09 23:14:53,782 | INFO | Starting StatsAI Unified UI Frontend on port 8080...
2026-04-09 23:18:51,780 | INFO | Starting StatsAI Unified UI Frontend on port 8080...
2026-04-09 23:22:48,080 | INFO | Starting StatsAI Unified UI Frontend on port 8080...
2026-04-09 23:25:51,640 | INFO | Starting StatsAI Unified UI Frontend on port 8080...
2026-04-09 23:28:40,784 | INFO | Starting StatsAI Unified UI Frontend on port 8080...
2026-04-09 23:30:27,023 | INFO | Starting StatsAI Unified UI Frontend on port 8080...
2026-04-09 23:33:07,910 | INFO | Starting StatsAI Unified UI Frontend on port 8080...
2026-04-09 23:37:34,647 | INFO | Starting StatsAI Unified UI Frontend on port 8080...
2026-04-09 23:40:01,488 | INFO | Starting StatsAI Unified UI Frontend on port 8080...
2026-04-10 00:13:15,199 | INFO | Starting StatsAI Unified UI Frontend on port 8080...
2026-04-10 00:20:26,005 | INFO | Starting StatsAI Unified UI Frontend on port 8080...
2026-04-10 00:21:17,985 | INFO | Generating data for normal. Random check: 0.9984650805570306
2026-04-10 00:22:57,561 | INFO | Starting StatsAI Unified UI Frontend on port 8080...
2026-04-10 00:23:12,148 | INFO | Generating data for normal. Random check: 0.0927834657540424
2026-04-10 00:24:20,815 | INFO | Starting StatsAI Unified UI Frontend on port 8080...
2026-04-10 00:25:29,483 | INFO | Starting StatsAI Unified UI Frontend on port 8080...
2026-04-10 00:25:41,162 | INFO | Generating data for normal. Random check: 0.2748721652084969
2026-04-10 00:28:40,587 | INFO | Starting StatsAI Unified UI Frontend on port 8080...
2026-04-10 00:34:49,689 | INFO | Generating data for normal. Random check: 0.03171037443792468
2026-04-10 00:35:01,007 | INFO | Generating data for normal/gaussian. Random check: 0.5946804355066612
2026-04-10 00:48:59,111 | INFO | Generating data for histogram. Random check: 0.9357197451819014
2026-04-10 00:49:27,610 | INFO | Starting StatsAI Unified UI Frontend on port 8080...
2026-04-10 00:51:52,403 | INFO | Starting StatsAI Unified UI Frontend on port 8080...
